2026-04-06 17:27:45, MOVE, v:1, k:fup@calc, mode:DOWN
2026-04-06 17:28:07, MOVE, v:1, k:fup@calc, mode:PICK
2026-04-06 17:31:46, EXEC, v:1, k:fup@calc, mode:FULL, rate:33, size:11
2026-04-06 17:32:22, EXEC, v:1, k:fup@calc, mode:FULL, rate:33, size:11
2026-04-06 17:32:30, EXEC, v:1, k:fup@calc, mode:FULL, rate:33, size:11
2026-04-06 17:35:03, MOVE, v:1, k:fup@calc, mode:BACK
2026-04-06 17:40:16, MOVE, v:1, k:fup@ou, mode:PICK
2026-04-06 17:41:20, MOVE, v:1, k:fup@ou, mode:BACK
2026-04-06 17:42:18, MOVE, v:1, k:fup@calc, mode:PICK
2026-04-06 17:55:12, EXEC, v:1, k:fup@calc, mode:FULL, size:23, fail:COMP
2026-04-06 17:55:40, EXEC, v:1, k:fup@calc, mode:FULL, size:23, fail:COMP
2026-04-06 17:57:19, EXEC, v:1, k:fup@calc, mode:FULL, rate:100, size:23
2026-04-06 18:00:08, MOVE, v:1, k:fup@calc, mode:BACK
2026-04-06 18:00:13, MOVE, v:1, k:fup@guarda, mode:DOWN
2026-04-06 18:00:31, MOVE, v:1, k:fup@guarda, mode:PICK
2026-04-06 18:00:40, MOVE, v:1, k:fup@guarda, mode:BACK
2026-04-06 18:00:42, MOVE, v:1, k:fup@guarda, mode:PICK
2026-04-06 18:08:20, EXEC, v:1, k:fup@guarda, mode:FULL, rate:85, size:18
2026-04-06 18:08:37, EXEC, v:1, k:fup@guarda, mode:FULL, rate:100, size:18
2026-04-06 18:08:44, MOVE, v:1, k:fup@guarda, mode:BACK
