2026-03-30 17:04:27, MOVE, v:1, k:fup@bala, mode:PICK
2026-03-30 17:04:32, EXEC, v:1, k:fup@bala, mode:FREE
2026-03-30 17:11:15, EXEC, v:1, k:fup@bala, mode:FULL, rate:100
2026-03-30 17:13:36, MOVE, v:1, k:fup@bala, mode:BACK
2026-03-30 17:14:28, SELF, v:1, k:fup@bala, self:1, rate:100, study:20, concept:1
2026-03-30 17:14:28, MOVE, v:1, k:fup@bala, mode:PICK
2026-03-30 17:14:30, MOVE, v:1, k:fup@bala, mode:BACK
2026-03-30 17:14:50, SELF, v:1, k:fup@bala, self:1, rate:100, study:20, concept:1
2026-03-30 17:15:21, MOVE, v:1, k:fup@abs, mode:PICK
2026-03-30 17:15:32, MOVE, v:1, k:fup@abs, mode:BACK
2026-03-30 17:15:36, MOVE, v:1, k:fup@abs, mode:PICK
2026-03-30 17:15:38, EXEC, v:1, k:fup@abs, mode:FREE
2026-03-30 17:16:44, EXEC, v:1, k:fup@abs, mode:FULL, rate:100
2026-03-30 17:16:49, MOVE, v:1, k:fup@abs, mode:BACK
2026-03-30 17:17:09, MOVE, v:1, k:fup@max, mode:PICK
2026-03-30 17:17:11, EXEC, v:1, k:fup@max, mode:FREE
2026-03-30 17:27:55, EXEC, v:1, k:fup@max, mode:FULL, rate:100
2026-03-30 17:28:09, MOVE, v:1, k:fup@max, mode:BACK
2026-03-30 17:28:30, MOVE, v:1, k:fup@ou, mode:PICK
2026-03-30 17:28:35, EXEC, v:1, k:fup@ou, mode:FREE, size:8
2026-03-30 17:29:11, MOVE, v:1, k:fup@ou, mode:BACK
2026-03-30 17:29:30, MOVE, v:1, k:fup@ou, mode:PICK
2026-03-30 17:29:31, EXEC, v:1, k:fup@ou, mode:FREE
2026-03-30 17:31:12, MOVE, v:1, k:fup@ou, mode:BACK
2026-03-30 17:58:58, MOVE, v:1, k:fup@ou, mode:PICK
2026-03-30 17:59:01, EXEC, v:1, k:fup@ou, mode:FREE, size:9
2026-03-30 18:07:12, EXEC, v:1, k:fup@ou, mode:FULL, size:11, fail:COMP
2026-03-30 18:07:34, EXEC, v:1, k:fup@ou, mode:FULL, size:11, fail:COMP
2026-03-30 18:07:57, EXEC, v:1, k:fup@ou, mode:FULL, size:11, fail:COMP
2026-03-30 18:08:17, EXEC, v:1, k:fup@ou, mode:FULL, size:11, fail:COMP
2026-03-30 18:09:31, MOVE, v:1, k:fup@ou, mode:BACK
