2026-05-23 21:32:42, MOVE, v:1, k:fup@substring, mode:DOWN
2026-05-23 21:32:43, MOVE, v:1, k:fup@substring, mode:PICK
2026-05-23 21:32:42, MOVE, v:1, k:fup@substring, mode:EDIT
2026-05-23 21:32:42, MOVE, v:1, k:fup@substring, mode:EDIT
2026-05-23 21:55:09, EXEC, v:1, k:fup@substring, mode:FULL, size:24, fail:COMP
2026-05-23 21:56:03, EXEC, v:1, k:fup@substring, mode:FULL, size:24, fail:COMP
2026-05-23 21:57:30, MOVE, v:1, k:fup@substring, mode:EDIT
2026-05-23 21:57:37, EXEC, v:1, k:fup@substring, mode:FULL, size:22, fail:COMP
2026-05-23 21:58:23, EXEC, v:1, k:fup@substring, mode:FULL, size:22, fail:COMP
2026-05-23 22:00:34, EXEC, v:1, k:fup@substring, mode:FULL, size:15, fail:COMP
2026-05-23 22:01:07, EXEC, v:1, k:fup@substring, mode:FULL, size:18, fail:COMP
2026-05-23 22:01:05, MOVE, v:1, k:fup@substring, mode:EDIT
2026-05-23 22:05:53, EXEC, v:1, k:fup@substring, mode:FULL, size:15, fail:COMP
2026-05-23 22:07:13, EXEC, v:1, k:fup@substring, mode:FULL, size:28, fail:COMP
2026-05-23 22:07:33, MOVE, v:1, k:fup@substring, mode:EDIT
2026-05-23 22:07:58, EXEC, v:1, k:fup@substring, mode:FULL, size:28, fail:COMP
2026-05-23 22:09:44, EXEC, v:1, k:fup@substring, mode:FULL, rate:0, size:17
2026-05-23 22:11:01, EXEC, v:1, k:fup@substring, mode:FULL, size:14, fail:COMP
2026-05-23 22:11:11, EXEC, v:1, k:fup@substring, mode:FULL, size:14, fail:COMP
2026-05-23 22:11:26, MOVE, v:1, k:fup@substring, mode:PICK
2026-05-23 22:11:32, EXEC, v:1, k:fup@substring, mode:FULL, fail:COMP
2026-05-23 22:11:42, EXEC, v:1, k:fup@substring, mode:FULL, size:14, fail:COMP
2026-05-23 22:13:43, EXEC, v:1, k:fup@substring, mode:FULL, rate:0, size:30
2026-05-23 22:15:39, EXEC, v:1, k:fup@substring, mode:FULL, rate:0, size:41
2026-05-23 22:15:53, EXEC, v:1, k:fup@substring, mode:FULL, rate:100, size:41
2026-05-23 22:15:56, MOVE, v:1, k:fup@substring, mode:BACK
2026-05-23 22:16:11, MOVE, v:1, k:fup@leds, mode:DOWN
2026-05-23 22:16:12, MOVE, v:1, k:fup@leds, mode:PICK
2026-05-23 22:15:53, MOVE, v:1, k:fup@substring, mode:EDIT
2026-05-23 22:15:53, MOVE, v:1, k:fup@substring, mode:EDIT
2026-05-23 22:16:11, MOVE, v:1, k:fup@leds, mode:EDIT
2026-05-23 22:16:11, MOVE, v:1, k:fup@leds, mode:EDIT
2026-05-23 22:19:24, EXEC, v:1, k:fup@leds, mode:FULL, rate:100, size:27
2026-05-23 22:19:30, MOVE, v:1, k:fup@leds, mode:BACK
2026-05-23 22:19:43, MOVE, v:1, k:fup@ru, mode:DOWN
2026-05-23 22:19:43, MOVE, v:1, k:fup@ru, mode:PICK
2026-05-23 22:19:23, MOVE, v:1, k:fup@leds, mode:EDIT
2026-05-23 22:19:24, MOVE, v:1, k:fup@leds, mode:EDIT
2026-05-23 22:19:42, MOVE, v:1, k:fup@ru, mode:EDIT
2026-05-23 22:19:43, MOVE, v:1, k:fup@ru, mode:EDIT
2026-05-23 22:21:22, MOVE, v:1, k:fup@ru, mode:EDIT
2026-05-23 22:21:39, MOVE, v:1, k:fup@ru, mode:EDIT
2026-05-23 22:38:20, EXEC, v:1, k:fup@ru, mode:FULL, rate:0, size:29
2026-05-23 22:38:37, EXEC, v:1, k:fup@ru, mode:FULL, rate:0, size:29
2026-05-23 22:40:16, EXEC, v:1, k:fup@ru, mode:FULL, rate:100, size:34
2026-05-23 22:40:20, MOVE, v:1, k:fup@ru, mode:BACK
2026-05-23 22:40:26, MOVE, v:1, k:fup@gritando, mode:DOWN
2026-05-23 22:40:33, MOVE, v:1, k:fup@gritando, mode:PICK
2026-05-23 22:40:16, MOVE, v:1, k:fup@ru, mode:EDIT
2026-05-23 22:40:15, MOVE, v:1, k:fup@ru, mode:EDIT
2026-05-23 22:40:26, MOVE, v:1, k:fup@gritando, mode:EDIT
2026-05-23 22:40:26, MOVE, v:1, k:fup@gritando, mode:EDIT
2026-05-23 22:57:21, EXEC, v:1, k:fup@gritando, mode:FULL, rate:0, size:5
2026-05-23 22:58:21, EXEC, v:1, k:fup@gritando, mode:FULL, rate:100, size:24
2026-05-23 22:58:41, MOVE, v:1, k:fup@gritando, mode:BACK
2026-05-23 22:58:50, MOVE, v:1, k:fup@amora, mode:PICK
2026-05-23 22:59:03, EXEC, v:1, k:fup@amora, mode:FULL, fail:COMP
2026-05-23 22:58:20, MOVE, v:1, k:fup@gritando, mode:EDIT
2026-05-23 22:58:20, MOVE, v:1, k:fup@gritando, mode:EDIT
2026-05-23 23:00:48, MOVE, v:1, k:fup@amora, mode:EDIT
2026-05-23 23:26:20, EXEC, v:1, k:fup@amora, mode:FULL, rate:100, size:30
2026-05-23 23:26:22, MOVE, v:1, k:fup@amora, mode:BACK
2026-05-23 23:26:20, MOVE, v:1, k:fup@amora, mode:EDIT
2026-05-23 23:26:33, MOVE, v:1, k:fup@traficantes, mode:DOWN
2026-05-23 23:26:33, MOVE, v:1, k:fup@traficantes, mode:PICK
2026-05-23 23:26:33, MOVE, v:1, k:fup@traficantes, mode:EDIT
2026-05-23 23:26:33, MOVE, v:1, k:fup@traficantes, mode:EDIT
2026-05-23 23:28:24, MOVE, v:1, k:fup@traficantes, mode:EDIT
2026-05-23 23:52:17, EXEC, v:1, k:fup@traficantes, mode:FULL, rate:100, size:39
2026-05-23 23:52:19, MOVE, v:1, k:fup@traficantes, mode:BACK
2026-05-23 23:52:27, MOVE, v:1, k:fup@fresco, mode:DOWN
2026-05-23 23:52:28, MOVE, v:1, k:fup@fresco, mode:PICK
2026-05-23 23:52:17, MOVE, v:1, k:fup@traficantes, mode:EDIT
2026-05-23 23:52:27, MOVE, v:1, k:fup@fresco, mode:EDIT
2026-05-23 23:52:27, MOVE, v:1, k:fup@fresco, mode:EDIT
2026-05-23 23:55:16, MOVE, v:1, k:fup@fresco, mode:EDIT
