2026-05-09 00:59:29, MOVE, v:1, k:fup@loop_iv, mode:PICK
2026-05-09 01:03:29, MOVE, v:1, k:fup@loop_iv, mode:EDIT
2026-05-09 01:07:06, MOVE, v:1, k:fup@loop_iv, mode:EDIT
2026-05-09 01:15:01, EXEC, v:1, k:fup@loop_iv, mode:FULL, rate:0, size:19
2026-05-09 01:16:41, MOVE, v:1, k:fup@loop_iv, mode:EDIT
2026-05-09 01:15:01, MOVE, v:1, k:fup@loop_iv, mode:EDIT
2026-05-09 01:21:41, EXEC, v:1, k:fup@loop_iv, mode:FULL, rate:0, size:20
2026-05-09 01:21:51, EXEC, v:1, k:fup@loop_iv, mode:FULL, rate:0
2026-05-09 01:22:02, EXEC, v:1, k:fup@loop_iv, mode:FULL, rate:100, size:20
2026-05-09 01:22:10, MOVE, v:1, k:fup@loop_iv, mode:BACK
2026-05-09 01:22:22, MOVE, v:1, k:fup@loop_v, mode:DOWN
2026-05-09 01:22:24, MOVE, v:1, k:fup@loop_v, mode:PICK
2026-05-09 01:22:02, MOVE, v:1, k:fup@loop_iv, mode:EDIT
2026-05-09 01:22:01, MOVE, v:1, k:fup@loop_iv, mode:EDIT
2026-05-09 01:22:22, MOVE, v:1, k:fup@loop_v, mode:EDIT
2026-05-09 01:22:22, MOVE, v:1, k:fup@loop_v, mode:EDIT
2026-05-09 01:22:40, MOVE, v:1, k:fup@loop_v, mode:EDIT
2026-05-09 01:28:44, MOVE, v:1, k:fup@loop_v, mode:EDIT
2026-05-09 01:34:41, EXEC, v:1, k:fup@loop_v, mode:FULL, rate:0, size:19
2026-05-09 01:34:56, EXEC, v:1, k:fup@loop_v, mode:FULL, rate:0, size:19
2026-05-09 01:35:30, EXEC, v:1, k:fup@loop_v, mode:FULL, rate:0, size:19
2026-05-09 01:36:02, MOVE, v:1, k:fup@loop_v, mode:PICK
2026-05-09 01:36:06, EXEC, v:1, k:fup@loop_v, mode:FULL, rate:0
2026-05-09 01:36:24, EXEC, v:1, k:fup@loop_v, mode:FULL, rate:0, size:18
2026-05-09 01:38:58, EXEC, v:1, k:fup@loop_v, mode:FULL, rate:0, size:20
2026-05-09 01:39:07, EXEC, v:1, k:fup@loop_v, mode:FULL, rate:0, size:20
2026-05-09 01:39:18, EXEC, v:1, k:fup@loop_v, mode:FULL, rate:0
2026-05-09 01:39:27, EXEC, v:1, k:fup@loop_v, mode:FULL, rate:0, size:20
2026-05-09 01:39:36, EXEC, v:1, k:fup@loop_v, mode:FULL, rate:0, size:20
2026-05-09 01:39:48, EXEC, v:1, k:fup@loop_v, mode:FULL, rate:0
2026-05-09 01:39:55, EXEC, v:1, k:fup@loop_v, mode:FULL, rate:0, size:20
2026-05-09 01:40:04, EXEC, v:1, k:fup@loop_v, mode:FULL, rate:0, size:20
2026-05-09 01:40:28, EXEC, v:1, k:fup@loop_v, mode:FULL, rate:0
2026-05-09 01:40:32, EXEC, v:1, k:fup@loop_v, mode:FULL, rate:100, size:20
2026-05-09 01:40:41, MOVE, v:1, k:fup@loop_v, mode:BACK
2026-05-09 01:40:32, MOVE, v:1, k:fup@loop_v, mode:EDIT
2026-05-09 01:40:29, MOVE, v:1, k:fup@loop_v, mode:EDIT
2026-05-09 01:41:02, MOVE, v:1, k:fup@pares, mode:DOWN
2026-05-09 01:41:03, MOVE, v:1, k:fup@pares, mode:PICK
2026-05-09 01:41:02, MOVE, v:1, k:fup@pares, mode:EDIT
2026-05-09 01:41:02, MOVE, v:1, k:fup@pares, mode:EDIT
2026-05-09 01:45:23, MOVE, v:1, k:fup@pares, mode:EDIT
2026-05-09 01:48:06, EXEC, v:1, k:fup@pares, mode:FULL, size:21, fail:COMP
2026-05-09 01:48:06, MOVE, v:1, k:fup@pares, mode:EDIT
2026-05-09 01:57:09, EXEC, v:1, k:fup@pares, mode:FULL, fail:COMP
2026-05-09 01:57:41, EXEC, v:1, k:fup@pares, mode:FULL, rate:100, size:21
2026-05-09 01:57:50, MOVE, v:1, k:fup@pares, mode:BACK
2026-05-09 01:58:58, MOVE, v:1, k:fup@sapatos, mode:DOWN
2026-05-09 01:58:59, MOVE, v:1, k:fup@sapatos, mode:PICK
2026-05-09 01:58:58, MOVE, v:1, k:fup@sapatos, mode:EDIT
2026-05-09 01:58:58, MOVE, v:1, k:fup@sapatos, mode:EDIT
2026-05-09 02:03:11, MOVE, v:1, k:fup@sapatos, mode:EDIT
2026-05-09 02:04:47, EXEC, v:1, k:fup@sapatos, mode:FULL, rate:28, size:21
2026-05-09 02:07:59, EXEC, v:1, k:fup@sapatos, mode:FULL, fail:COMP
2026-05-09 02:08:07, EXEC, v:1, k:fup@sapatos, mode:FULL, rate:100, size:21
2026-05-09 02:08:14, MOVE, v:1, k:fup@sapatos, mode:BACK
2026-05-09 02:08:25, MOVE, v:1, k:fup@filhos, mode:DOWN
2026-05-09 02:08:27, MOVE, v:1, k:fup@filhos, mode:PICK
2026-05-09 02:07:59, MOVE, v:1, k:fup@sapatos, mode:EDIT
2026-05-09 02:08:07, MOVE, v:1, k:fup@sapatos, mode:EDIT
2026-05-09 02:08:25, MOVE, v:1, k:fup@filhos, mode:EDIT
2026-05-09 02:08:25, MOVE, v:1, k:fup@filhos, mode:EDIT
2026-05-09 02:08:25, MOVE, v:1, k:fup@filhos, mode:EDIT
2026-05-09 02:13:21, MOVE, v:1, k:fup@filhos, mode:EDIT
2026-05-09 02:14:20, MOVE, v:1, k:fup@filhos, mode:EDIT
2026-05-09 02:18:35, EXEC, v:1, k:fup@filhos, mode:FULL, size:12, fail:COMP
2026-05-09 02:18:46, EXEC, v:1, k:fup@filhos, mode:FULL, size:12, fail:COMP
2026-05-09 02:18:49, EXEC, v:1, k:fup@filhos, mode:FULL, fail:COMP
2026-05-09 02:18:53, EXEC, v:1, k:fup@filhos, mode:FULL, fail:COMP
2026-05-09 02:18:53, EXEC, v:1, k:fup@filhos, mode:FULL, fail:COMP
2026-05-09 02:18:55, EXEC, v:1, k:fup@filhos, mode:FULL, fail:COMP
2026-05-09 02:18:57, EXEC, v:1, k:fup@filhos, mode:FULL, fail:COMP
2026-05-09 02:19:38, EXEC, v:1, k:fup@filhos, mode:FULL, size:12, fail:COMP
2026-05-09 02:19:40, EXEC, v:1, k:fup@filhos, mode:FULL, rate:100, size:12
2026-05-09 02:19:45, MOVE, v:1, k:fup@filhos, mode:BACK
2026-05-09 02:20:03, MOVE, v:1, k:fup@ceu, mode:DOWN
2026-05-09 02:20:04, MOVE, v:1, k:fup@ceu, mode:PICK
2026-05-09 02:19:38, MOVE, v:1, k:fup@filhos, mode:EDIT
2026-05-09 02:19:40, MOVE, v:1, k:fup@filhos, mode:EDIT
2026-05-09 02:20:03, MOVE, v:1, k:fup@ceu, mode:EDIT
2026-05-09 02:20:03, MOVE, v:1, k:fup@ceu, mode:EDIT
2026-05-09 02:22:06, MOVE, v:1, k:fup@ceu, mode:EDIT
2026-05-09 02:33:54, EXEC, v:1, k:fup@ceu, mode:FULL, rate:0, size:16
2026-05-09 02:34:52, EXEC, v:1, k:fup@ceu, mode:FULL, rate:0, size:18
2026-05-09 02:35:26, EXEC, v:1, k:fup@ceu, mode:FULL, rate:0, size:18
2026-05-09 02:35:41, EXEC, v:1, k:fup@ceu, mode:FULL, rate:0, size:18
2026-05-09 02:38:01, EXEC, v:1, k:fup@ceu, mode:FULL, rate:0, size:23
2026-05-09 02:38:26, EXEC, v:1, k:fup@ceu, mode:FULL, rate:0, size:23
2026-05-09 02:38:26, MOVE, v:1, k:fup@ceu, mode:EDIT
2026-05-09 02:38:20, MOVE, v:1, k:fup@ceu, mode:EDIT
2026-05-09 02:40:59, EXEC, v:1, k:fup@ceu, mode:FULL, rate:0, size:20
2026-05-09 02:41:22, EXEC, v:1, k:fup@ceu, mode:FULL, rate:0, size:20
2026-05-09 02:41:31, EXEC, v:1, k:fup@ceu, mode:FULL, rate:0
2026-05-09 02:41:34, EXEC, v:1, k:fup@ceu, mode:FULL, rate:0, size:20
2026-05-09 02:42:13, EXEC, v:1, k:fup@ceu, mode:FULL, rate:0, size:21
2026-05-09 02:42:25, EXEC, v:1, k:fup@ceu, mode:FULL, rate:0, size:21
2026-05-09 02:42:31, EXEC, v:1, k:fup@ceu, mode:FULL, rate:0, size:21
2026-05-09 02:42:40, EXEC, v:1, k:fup@ceu, mode:FULL, rate:0
2026-05-09 02:42:59, EXEC, v:1, k:fup@ceu, mode:FULL, rate:0, size:21
2026-05-09 02:43:11, EXEC, v:1, k:fup@ceu, mode:FULL, rate:0, size:21
2026-05-09 02:43:15, EXEC, v:1, k:fup@ceu, mode:FULL, rate:0
2026-05-09 02:43:29, EXEC, v:1, k:fup@ceu, mode:FULL, rate:0, size:21
2026-05-09 02:43:27, MOVE, v:1, k:fup@ceu, mode:EDIT
2026-05-09 02:43:29, MOVE, v:1, k:fup@ceu, mode:EDIT
2026-05-09 02:43:39, EXEC, v:1, k:fup@ceu, mode:FULL, rate:0, size:21
2026-05-09 02:43:50, EXEC, v:1, k:fup@ceu, mode:FULL, rate:0, size:21
2026-05-09 02:44:02, EXEC, v:1, k:fup@ceu, mode:FULL, rate:0, size:21
2026-05-09 02:44:04, EXEC, v:1, k:fup@ceu, mode:FULL, rate:0
2026-05-09 02:44:25, EXEC, v:1, k:fup@ceu, mode:FULL, rate:0, size:21
2026-05-09 02:44:35, EXEC, v:1, k:fup@ceu, mode:FULL, rate:0, size:21
2026-05-09 02:44:43, EXEC, v:1, k:fup@ceu, mode:FULL, rate:0, size:21
2026-05-09 02:44:46, EXEC, v:1, k:fup@ceu, mode:FULL, rate:0
2026-05-09 02:45:00, EXEC, v:1, k:fup@ceu, mode:FULL, rate:0, size:21
2026-05-09 02:45:02, EXEC, v:1, k:fup@ceu, mode:FULL, rate:0
2026-05-09 02:48:13, EXEC, v:1, k:fup@ceu, mode:FULL, rate:20, size:20
2026-05-09 02:48:14, MOVE, v:1, k:fup@ceu, mode:EDIT
2026-05-09 02:48:13, MOVE, v:1, k:fup@ceu, mode:EDIT
2026-05-09 02:48:33, EXEC, v:1, k:fup@ceu, mode:FULL, rate:20
2026-05-09 02:48:42, EXEC, v:1, k:fup@ceu, mode:FULL, rate:20
2026-05-09 02:48:44, EXEC, v:1, k:fup@ceu, mode:FULL, rate:20, size:20
2026-05-09 02:48:57, EXEC, v:1, k:fup@ceu, mode:FULL, rate:20, size:20
2026-05-09 02:48:57, EXEC, v:1, k:fup@ceu, mode:FULL, rate:20, size:20
2026-05-09 02:49:05, EXEC, v:1, k:fup@ceu, mode:FULL, rate:0
2026-05-09 02:49:26, EXEC, v:1, k:fup@ceu, mode:FULL, rate:20, size:20
2026-05-09 02:49:28, EXEC, v:1, k:fup@ceu, mode:FULL, rate:100, size:20
2026-05-09 02:49:34, MOVE, v:1, k:fup@ceu, mode:BACK
2026-05-09 02:49:39, MOVE, v:1, k:fup@esconde, mode:DOWN
2026-05-09 02:49:40, MOVE, v:1, k:fup@esconde, mode:PICK
2026-05-09 02:49:28, MOVE, v:1, k:fup@ceu, mode:EDIT
2026-05-09 02:49:26, MOVE, v:1, k:fup@ceu, mode:EDIT
2026-05-09 02:49:39, MOVE, v:1, k:fup@esconde, mode:EDIT
2026-05-09 02:49:39, MOVE, v:1, k:fup@esconde, mode:EDIT
2026-05-09 02:51:50, MOVE, v:1, k:fup@esconde, mode:EDIT
2026-05-09 02:58:04, EXEC, v:1, k:fup@esconde, mode:FULL, rate:100, size:16
2026-05-09 02:58:09, MOVE, v:1, k:fup@esconde, mode:BACK
2026-05-09 02:58:04, MOVE, v:1, k:fup@esconde, mode:EDIT
2026-05-09 02:59:16, SELF, v:1, k:fup@loop_iv, self:1, rate:100, study:22, concept:1
2026-05-09 02:59:32, SELF, v:1, k:fup@loop_v, self:1, rate:100, study:18, concept:1
2026-05-09 03:00:08, SELF, v:1, k:fup@pares, self:1, rate:100, study:16, concept:1
2026-05-09 03:00:32, SELF, v:1, k:fup@sapatos, self:1, rate:100, study:12, concept:1
2026-05-09 03:00:49, SELF, v:1, k:fup@filhos, self:1, rate:100, study:18, concept:1
2026-05-09 03:01:10, SELF, v:1, k:fup@ceu, self:1, rate:100, study:29, concept:1
2026-05-09 03:01:35, SELF, v:1, k:fup@esconde, self:1, rate:100, study:10, concept:1
