2026-07-06 23:03:24, MOVE, v:1, k:fup@pmg, mode:DOWN
2026-07-06 23:03:28, MOVE, v:1, k:fup@pmg, mode:PICK
2026-07-06 23:03:24, MOVE, v:1, k:fup@pmg, mode:EDIT
2026-07-06 23:07:25, MOVE, v:1, k:fup@pmg, mode:EDIT
2026-07-06 23:12:33, MOVE, v:1, k:fup@pmg, mode:EDIT
2026-07-06 23:16:47, EXEC, v:1, k:fup@pmg, mode:FULL, rate:0, size:23
2026-07-06 23:16:41, MOVE, v:1, k:fup@pmg, mode:EDIT
2026-07-06 23:16:46, MOVE, v:1, k:fup@pmg, mode:EDIT
2026-07-06 23:17:45, EXEC, v:1, k:fup@pmg, mode:FULL, rate:16, size:23
2026-07-06 23:22:26, MOVE, v:1, k:fup@pmg, mode:EDIT
2026-07-06 23:17:45, MOVE, v:1, k:fup@pmg, mode:EDIT
2026-07-06 23:24:21, EXEC, v:1, k:fup@pmg, mode:FULL, rate:0, size:25
2026-07-06 23:24:36, EXEC, v:1, k:fup@pmg, mode:FULL, rate:16, size:25
2026-07-06 23:24:55, EXEC, v:1, k:fup@pmg, mode:FULL, rate:0, size:25
2026-07-06 23:25:10, EXEC, v:1, k:fup@pmg, mode:FULL, rate:16, size:25
2026-07-06 23:27:21, EXEC, v:1, k:fup@pmg, mode:FULL, rate:0, size:24
2026-07-06 23:27:33, MOVE, v:1, k:fup@pmg, mode:EDIT
2026-07-06 23:27:21, MOVE, v:1, k:fup@pmg, mode:EDIT
2026-07-06 23:27:43, EXEC, v:1, k:fup@pmg, mode:FULL, rate:16, size:24
2026-07-06 23:28:05, EXEC, v:1, k:fup@pmg, mode:FULL, rate:16, size:24
2026-07-06 23:28:24, EXEC, v:1, k:fup@pmg, mode:FULL, rate:50, size:24
2026-07-06 23:28:32, EXEC, v:1, k:fup@pmg, mode:FULL, rate:0, size:24
2026-07-06 23:28:38, EXEC, v:1, k:fup@pmg, mode:FULL, rate:50, size:24
2026-07-06 23:28:50, EXEC, v:1, k:fup@pmg, mode:FULL, rate:33, size:24
2026-07-06 23:28:59, EXEC, v:1, k:fup@pmg, mode:FULL, rate:50, size:24
2026-07-06 23:29:07, EXEC, v:1, k:fup@pmg, mode:FULL, rate:33, size:24
2026-07-06 23:29:13, EXEC, v:1, k:fup@pmg, mode:FULL, rate:50, size:24
2026-07-06 23:30:45, EXEC, v:1, k:fup@pmg, mode:FULL, rate:100, size:27
2026-07-06 23:31:08, MOVE, v:1, k:fup@pmg, mode:BACK
2026-07-06 23:31:16, MOVE, v:1, k:fup@mercantil, mode:DOWN
2026-07-06 23:31:18, MOVE, v:1, k:fup@mercantil, mode:PICK
2026-07-06 23:30:44, MOVE, v:1, k:fup@pmg, mode:EDIT
2026-07-06 23:30:45, MOVE, v:1, k:fup@pmg, mode:EDIT
2026-07-06 23:31:16, MOVE, v:1, k:fup@mercantil, mode:EDIT
2026-07-06 23:37:14, MOVE, v:1, k:fup@mercantil, mode:EDIT
2026-07-06 23:42:39, MOVE, v:1, k:fup@mercantil, mode:EDIT
2026-07-06 23:45:20, EXEC, v:1, k:fup@mercantil, mode:FULL, size:35, fail:COMP
2026-07-06 23:45:57, EXEC, v:1, k:fup@mercantil, mode:FULL, size:36, fail:COMP
2026-07-06 23:46:03, EXEC, v:1, k:fup@mercantil, mode:FULL, size:35, fail:COMP
2026-07-06 23:47:35, MOVE, v:1, k:fup@mercantil, mode:EDIT
2026-07-06 23:48:15, EXEC, v:1, k:fup@mercantil, mode:FULL, size:41, fail:COMP
2026-07-06 23:48:16, EXEC, v:1, k:fup@mercantil, mode:FULL, fail:COMP
2026-07-06 23:48:17, EXEC, v:1, k:fup@mercantil, mode:FULL, fail:COMP
2026-07-06 23:49:18, EXEC, v:1, k:fup@mercantil, mode:FULL, size:43, fail:COMP
2026-07-06 23:50:40, EXEC, v:1, k:fup@mercantil, mode:FULL, rate:12, size:43
2026-07-06 23:52:05, EXEC, v:1, k:fup@mercantil, mode:FULL, rate:12, size:43
2026-07-06 23:52:04, MOVE, v:1, k:fup@mercantil, mode:EDIT
2026-07-06 23:52:05, MOVE, v:1, k:fup@mercantil, mode:EDIT
2026-07-06 23:55:31, EXEC, v:1, k:fup@mercantil, mode:FULL, rate:100, size:50
2026-07-06 23:55:41, MOVE, v:1, k:fup@mercantil, mode:BACK
2026-07-06 23:56:02, SELF, v:1, k:fup@pmg, self:1, rate:100, study:26, concept:1
2026-07-06 23:56:15, SELF, v:1, k:fup@mercantil, self:1, rate:100, study:23, concept:1
2026-07-06 23:56:47, MOVE, v:1, k:fup@disfarce, mode:DOWN
2026-07-06 23:56:49, MOVE, v:1, k:fup@disfarce, mode:PICK
2026-07-06 23:55:29, MOVE, v:1, k:fup@mercantil, mode:EDIT
2026-07-06 23:55:31, MOVE, v:1, k:fup@mercantil, mode:EDIT
2026-07-06 23:56:47, MOVE, v:1, k:fup@disfarce, mode:EDIT
