2026-05-11 10:53:30, MOVE, v:1, k:fup@dindin, mode:PICK
2026-05-11 10:53:48, MOVE, v:1, k:fup@dindin, mode:BACK
2026-05-11 10:53:54, MOVE, v:1, k:fup@repetidos, mode:DOWN
2026-05-11 10:53:59, MOVE, v:1, k:fup@repetidos, mode:PICK
2026-05-11 10:54:05, MOVE, v:1, k:fup@repetidos, mode:BACK
2026-05-11 10:54:08, MOVE, v:1, k:fup@batraquios, mode:DOWN
2026-05-11 10:54:10, MOVE, v:1, k:fup@batraquios, mode:PICK
2026-05-11 10:53:43, MOVE, v:1, k:fup@dindin, mode:EDIT
2026-05-11 10:53:54, MOVE, v:1, k:fup@repetidos, mode:EDIT
2026-05-11 10:53:54, MOVE, v:1, k:fup@repetidos, mode:EDIT
2026-05-11 10:53:54, MOVE, v:1, k:fup@repetidos, mode:EDIT
2026-05-11 10:54:08, MOVE, v:1, k:fup@batraquios, mode:EDIT
2026-05-11 10:54:08, MOVE, v:1, k:fup@batraquios, mode:EDIT
2026-05-11 10:58:47, MOVE, v:1, k:fup@repetidos, mode:EDIT
2026-05-11 11:01:54, MOVE, v:1, k:fup@batraquios, mode:EDIT
2026-05-11 11:05:28, EXEC, v:1, k:fup@batraquios, mode:FULL, rate:14, size:39
2026-05-11 11:06:26, EXEC, v:1, k:fup@batraquios, mode:FULL, size:39, fail:COMP
2026-05-11 11:06:40, EXEC, v:1, k:fup@batraquios, mode:FULL, fail:COMP
2026-05-11 11:05:49, MOVE, v:1, k:fup@dindin, mode:EDIT
2026-05-11 11:05:28, MOVE, v:1, k:fup@batraquios, mode:EDIT
2026-05-11 11:06:21, MOVE, v:1, k:fup@batraquios, mode:EDIT
2026-05-11 11:06:38, MOVE, v:1, k:fup@repetidos, mode:EDIT
2026-05-11 11:35:27, EXEC, v:1, k:fup@batraquios, mode:FULL, rate:14, size:39
2026-05-11 11:35:30, EXEC, v:1, k:fup@batraquios, mode:FULL, rate:14
2026-05-11 11:36:48, EXEC, v:1, k:fup@batraquios, mode:FULL, rate:14
2026-05-11 11:36:49, EXEC, v:1, k:fup@batraquios, mode:FULL, rate:14
2026-05-11 11:36:24, MOVE, v:1, k:fup@dindin, mode:EDIT
2026-05-11 11:34:52, MOVE, v:1, k:fup@batraquios, mode:EDIT
2026-05-11 11:35:19, MOVE, v:1, k:fup@repetidos, mode:EDIT
2026-05-11 11:36:48, MOVE, v:1, k:fup@batraquios, mode:EDIT
2026-05-11 11:40:41, EXEC, v:1, k:fup@batraquios, mode:FULL, rate:14, size:43
2026-05-11 11:40:43, EXEC, v:1, k:fup@batraquios, mode:FULL, rate:14
2026-05-11 11:40:30, MOVE, v:1, k:fup@batraquios, mode:EDIT
2026-05-11 11:40:43, MOVE, v:1, k:fup@batraquios, mode:EDIT
2026-05-11 11:44:51, EXEC, v:1, k:fup@batraquios, mode:FULL, size:36, fail:COMP
2026-05-11 11:45:32, EXEC, v:1, k:fup@batraquios, mode:FULL, size:38, fail:COMP
2026-05-11 11:45:34, EXEC, v:1, k:fup@batraquios, mode:FULL, fail:COMP
2026-05-11 11:46:15, EXEC, v:1, k:fup@batraquios, mode:FULL, rate:42, size:36
2026-05-11 11:46:57, EXEC, v:1, k:fup@batraquios, mode:FULL, rate:85, size:36
2026-05-11 11:46:56, MOVE, v:1, k:fup@batraquios, mode:EDIT
2026-05-11 11:46:57, MOVE, v:1, k:fup@batraquios, mode:EDIT
2026-05-11 11:49:53, EXEC, v:1, k:fup@batraquios, mode:FULL, rate:57, size:39
2026-05-11 11:50:02, EXEC, v:1, k:fup@batraquios, mode:FULL, rate:100, size:39
2026-05-11 11:50:09, MOVE, v:1, k:fup@batraquios, mode:BACK
2026-05-11 11:50:16, MOVE, v:1, k:fup@repetidos, mode:PICK
2026-05-11 11:50:22, EXEC, v:1, k:fup@repetidos, mode:FULL, rate:100, size:18
2026-05-11 11:50:24, MOVE, v:1, k:fup@repetidos, mode:BACK
2026-05-11 11:50:39, MOVE, v:1, k:fup@dindin, mode:PICK
2026-05-11 11:50:43, EXEC, v:1, k:fup@dindin, mode:FULL, rate:12, size:42
2026-05-11 11:50:00, MOVE, v:1, k:fup@batraquios, mode:EDIT
2026-05-11 11:50:02, MOVE, v:1, k:fup@batraquios, mode:EDIT
2026-05-11 11:50:22, MOVE, v:1, k:fup@repetidos, mode:EDIT
2026-05-11 11:50:42, MOVE, v:1, k:fup@dindin, mode:EDIT
2026-05-11 11:51:58, MOVE, v:1, k:fup@dindin, mode:EDIT
2026-05-11 11:56:49, MOVE, v:1, k:fup@dindin, mode:EDIT
2026-05-11 11:59:52, EXEC, v:1, k:fup@dindin, mode:FULL, size:40, fail:COMP
2026-05-11 12:01:43, EXEC, v:1, k:fup@dindin, mode:FULL, rate:100, size:40
2026-05-11 12:01:45, MOVE, v:1, k:fup@dindin, mode:BACK
2026-05-11 12:01:40, MOVE, v:1, k:fup@dindin, mode:EDIT
2026-05-11 12:02:45, MOVE, v:1, k:fup@baruel, mode:DOWN
2026-05-11 12:02:57, MOVE, v:1, k:fup@baruel, mode:PICK
2026-05-11 12:02:45, MOVE, v:1, k:fup@baruel, mode:EDIT
2026-05-11 12:02:45, MOVE, v:1, k:fup@baruel, mode:EDIT
2026-05-11 12:05:59, MOVE, v:1, k:fup@baruel, mode:EDIT
2026-05-11 13:02:14, EXEC, v:1, k:fup@baruel, mode:FULL, rate:0, size:36
2026-05-11 13:02:14, MOVE, v:1, k:fup@baruel, mode:EDIT
2026-05-11 13:02:25, MOVE, v:1, k:fup@baruel, mode:EDIT
2026-05-11 13:05:30, EXEC, v:1, k:fup@baruel, mode:FULL, rate:50, size:46
2026-05-11 13:05:38, EXEC, v:1, k:fup@baruel, mode:FULL, rate:25, size:46
2026-05-11 13:05:53, EXEC, v:1, k:fup@baruel, mode:FULL, rate:0, size:46
2026-05-11 13:06:15, EXEC, v:1, k:fup@baruel, mode:FULL, rate:50, size:46
2026-05-11 13:06:23, EXEC, v:1, k:fup@baruel, mode:FULL, rate:0, size:46
2026-05-11 13:06:45, EXEC, v:1, k:fup@baruel, mode:FULL, rate:0, size:46
2026-05-11 13:06:45, MOVE, v:1, k:fup@baruel, mode:EDIT
2026-05-11 13:06:45, MOVE, v:1, k:fup@baruel, mode:EDIT
2026-05-11 13:12:01, EXEC, v:1, k:fup@baruel, mode:FULL, size:46, fail:COMP
2026-05-11 13:12:02, EXEC, v:1, k:fup@baruel, mode:FULL, fail:COMP
2026-05-11 13:12:04, EXEC, v:1, k:fup@baruel, mode:FULL, fail:COMP
2026-05-11 13:12:15, MOVE, v:1, k:fup@baruel, mode:EDIT
2026-05-11 13:15:18, EXEC, v:1, k:fup@baruel, mode:FULL, rate:0, size:48
2026-05-11 13:16:28, EXEC, v:1, k:fup@baruel, mode:FULL, rate:100, size:31
2026-05-11 13:16:31, MOVE, v:1, k:fup@baruel, mode:BACK
2026-05-11 13:17:13, MOVE, v:1, k:fup@tazos, mode:DOWN
2026-05-11 13:17:15, MOVE, v:1, k:fup@tazos, mode:PICK
2026-05-11 13:16:26, MOVE, v:1, k:fup@baruel, mode:EDIT
2026-05-11 13:16:28, MOVE, v:1, k:fup@baruel, mode:EDIT
2026-05-11 13:17:13, MOVE, v:1, k:fup@tazos, mode:EDIT
2026-05-11 13:17:13, MOVE, v:1, k:fup@tazos, mode:EDIT
2026-05-11 13:19:52, MOVE, v:1, k:fup@tazos, mode:EDIT
2026-05-11 13:23:14, EXEC, v:1, k:fup@tazos, mode:FULL, rate:100, size:38
2026-05-11 13:23:15, MOVE, v:1, k:fup@tazos, mode:BACK
