2026-03-23 16:45:44, MOVE, v:1, k:fup@bala, mode:DOWN
2026-03-23 16:45:51, MOVE, v:1, k:fup@bala, mode:PICK
2026-03-23 16:45:52, EXEC, v:1, k:fup@bala, mode:FREE, size:5
2026-03-23 17:17:28, EXEC, v:1, k:fup@bala, mode:FULL, rate:16, size:16
2026-03-23 17:20:14, EXEC, v:1, k:fup@bala, mode:FULL, rate:100, size:16
2026-03-23 17:20:29, MOVE, v:1, k:fup@bala, mode:BACK
2026-03-23 17:20:55, SELF, v:1, k:fup@bala, self:1, rate:100, study:20, concept:1
2026-03-23 17:22:27, MOVE, v:1, k:fup@abs, mode:DOWN
2026-03-23 17:22:42, MOVE, v:1, k:fup@abs, mode:PICK
2026-03-23 17:22:44, EXEC, v:1, k:fup@abs, mode:FREE, size:5
2026-03-23 17:27:17, EXEC, v:1, k:fup@abs, mode:FULL, size:10, fail:COMP
2026-03-23 17:27:32, EXEC, v:1, k:fup@abs, mode:FULL, rate:0, size:10
2026-03-23 17:29:49, EXEC, v:1, k:fup@abs, mode:FULL, size:12, fail:COMP
2026-03-23 17:33:03, EXEC, v:1, k:fup@abs, mode:FULL, size:13, fail:COMP
2026-03-23 17:33:10, EXEC, v:1, k:fup@abs, mode:FULL, size:14, fail:COMP
2026-03-23 17:35:12, EXEC, v:1, k:fup@abs, mode:FULL, rate:0, size:14
2026-03-23 17:35:22, EXEC, v:1, k:fup@abs, mode:FULL, rate:100, size:14
2026-03-23 17:38:17, MOVE, v:1, k:fup@abs, mode:BACK
2026-03-23 17:38:36, SELF, v:1, k:fup@abs, self:1, rate:100, study:20, concept:1
2026-03-23 17:39:12, MOVE, v:1, k:fup@max, mode:DOWN
2026-03-23 17:39:19, MOVE, v:1, k:fup@max, mode:PICK
2026-03-23 17:39:23, EXEC, v:1, k:fup@max, mode:FREE, size:5
2026-03-23 17:45:42, EXEC, v:1, k:fup@max, mode:FULL, size:12, fail:COMP
2026-03-23 17:50:34, EXEC, v:1, k:fup@max, mode:FULL, rate:50, size:11
2026-03-23 17:57:53, EXEC, v:1, k:fup@max, mode:FULL, size:11, fail:COMP
2026-03-23 17:58:01, EXEC, v:1, k:fup@max, mode:FULL, size:11, fail:COMP
2026-03-23 17:58:10, EXEC, v:1, k:fup@max, mode:FULL, size:12, fail:COMP
2026-03-23 17:58:36, EXEC, v:1, k:fup@max, mode:FULL, rate:100, size:12
2026-03-23 17:59:03, MOVE, v:1, k:fup@max, mode:BACK
2026-03-23 17:59:32, SELF, v:1, k:fup@max, self:1, rate:100, study:20, friend:gilvan
2026-03-23 18:00:18, MOVE, v:1, k:fup@ou, mode:DOWN
2026-03-23 18:00:26, MOVE, v:1, k:fup@ou, mode:PICK
2026-03-23 18:00:54, MOVE, v:1, k:fup@ou, mode:BACK
2026-03-23 18:00:57, MOVE, v:1, k:fup@ou, mode:PICK
2026-03-23 18:00:59, EXEC, v:1, k:fup@ou, mode:FREE, size:5
