2026-04-13 17:06:06, MOVE, v:1, k:eval1@bala, mode:DOWN
2026-04-13 17:06:06, MOVE, v:1, k:eval1@bala, mode:EDIT
2026-04-13 17:06:06, MOVE, v:1, k:eval1@bala, mode:EDIT
2026-04-13 17:10:27, MOVE, v:1, k:eval1@bala, mode:EDIT
2026-04-13 17:14:00, MOVE, v:1, k:eval1@bala, mode:PICK
2026-04-13 17:14:03, EXEC, v:1, k:eval1@bala, mode:FULL, size:11, fail:COMP
2026-04-13 17:14:57, EXEC, v:1, k:eval1@bala, mode:FULL, size:11, fail:COMP
2026-04-13 17:15:37, MOVE, v:1, k:eval1@bala, mode:EDIT
2026-04-13 17:18:56, EXEC, v:1, k:eval1@bala, mode:FULL, size:14, fail:COMP
2026-04-13 17:18:56, EXEC, v:1, k:eval1@bala, mode:FULL, size:14, fail:COMP
2026-04-13 17:19:08, EXEC, v:1, k:eval1@bala, mode:FULL, size:14, fail:COMP
2026-04-13 17:20:06, EXEC, v:1, k:eval1@bala, mode:FULL, size:14, fail:COMP
2026-04-13 17:20:07, EXEC, v:1, k:eval1@bala, mode:FULL, fail:COMP
2026-04-13 17:20:10, EXEC, v:1, k:eval1@bala, mode:FULL, fail:COMP
2026-04-13 17:20:10, EXEC, v:1, k:eval1@bala, mode:FULL, fail:COMP
2026-04-13 17:20:18, EXEC, v:1, k:eval1@bala, mode:FULL, fail:COMP
2026-04-13 17:20:18, EXEC, v:1, k:eval1@bala, mode:FULL, fail:COMP
2026-04-13 17:20:18, EXEC, v:1, k:eval1@bala, mode:FULL, fail:COMP
2026-04-13 17:20:18, EXEC, v:1, k:eval1@bala, mode:FULL, fail:COMP
2026-04-13 17:20:19, EXEC, v:1, k:eval1@bala, mode:FULL, fail:COMP
2026-04-13 17:20:19, EXEC, v:1, k:eval1@bala, mode:FULL, fail:COMP
2026-04-13 17:20:20, EXEC, v:1, k:eval1@bala, mode:FULL, fail:COMP
2026-04-13 17:20:20, EXEC, v:1, k:eval1@bala, mode:FULL, fail:COMP
2026-04-13 17:20:20, EXEC, v:1, k:eval1@bala, mode:FULL, fail:COMP
2026-04-13 17:20:20, EXEC, v:1, k:eval1@bala, mode:FULL, fail:COMP
2026-04-13 17:20:20, EXEC, v:1, k:eval1@bala, mode:FULL, fail:COMP
2026-04-13 17:20:21, EXEC, v:1, k:eval1@bala, mode:FULL, fail:COMP
2026-04-13 17:20:21, EXEC, v:1, k:eval1@bala, mode:FULL, fail:COMP
2026-04-13 17:20:22, MOVE, v:1, k:eval1@bala, mode:BACK
2026-04-13 17:20:23, MOVE, v:1, k:eval1@bala, mode:PICK
2026-04-13 17:20:24, MOVE, v:1, k:eval1@bala, mode:BACK
2026-04-13 17:20:25, MOVE, v:1, k:eval1@bala, mode:PICK
2026-04-13 17:20:25, EXEC, v:1, k:eval1@bala, mode:FULL, size:14, fail:COMP
2026-04-13 17:20:25, EXEC, v:1, k:eval1@bala, mode:FULL, size:14, fail:COMP
2026-04-13 17:20:38, EXEC, v:1, k:eval1@bala, mode:FULL, size:14, fail:COMP
2026-04-13 17:20:23, MOVE, v:1, k:eval1@bala, mode:EDIT
2026-04-13 17:20:45, EXEC, v:1, k:eval1@bala, mode:FULL, fail:COMP
2026-04-13 17:21:23, EXEC, v:1, k:eval1@bala, mode:FULL, size:15, fail:COMP
2026-04-13 17:22:03, EXEC, v:1, k:eval1@bala, mode:FULL, size:16, fail:COMP
2026-04-13 17:22:04, EXEC, v:1, k:eval1@bala, mode:FULL, fail:COMP
2026-04-13 17:22:05, EXEC, v:1, k:eval1@bala, mode:FULL, fail:COMP
2026-04-13 17:22:07, EXEC, v:1, k:eval1@bala, mode:FULL, fail:COMP
2026-04-13 17:22:27, EXEC, v:1, k:eval1@bala, mode:FULL, size:16, fail:COMP
2026-04-13 17:23:05, EXEC, v:1, k:eval1@bala, mode:FULL, rate:16, size:16
2026-04-13 17:23:05, EXEC, v:1, k:eval1@bala, mode:FULL, rate:16, size:16
2026-04-13 17:23:06, EXEC, v:1, k:eval1@bala, mode:FULL, rate:16, size:16
2026-04-13 17:23:47, EXEC, v:1, k:eval1@bala, mode:FULL, size:16, fail:COMP
2026-04-13 17:24:05, EXEC, v:1, k:eval1@bala, mode:FULL, rate:16, size:16
2026-04-13 17:25:39, MOVE, v:1, k:eval1@bala, mode:EDIT
2026-04-13 17:24:05, MOVE, v:1, k:eval1@bala, mode:EDIT
2026-04-13 17:27:14, EXEC, v:1, k:eval1@bala, mode:FULL, rate:16, size:15
2026-04-13 17:30:40, MOVE, v:1, k:eval1@bala, mode:EDIT
2026-04-13 17:27:13, MOVE, v:1, k:eval1@bala, mode:EDIT
2026-04-13 17:30:44, EXEC, v:1, k:eval1@bala, mode:FULL, rate:16, size:19
2026-04-13 17:32:47, EXEC, v:1, k:eval1@bala, mode:FULL, rate:16, size:19
2026-04-13 17:33:13, MOVE, v:1, k:eval1@bala, mode:BACK
2026-04-13 17:33:29, MOVE, v:1, k:eval1@bala, mode:PICK
2026-04-13 17:33:32, EXEC, v:1, k:eval1@bala, mode:FULL, rate:16
2026-04-13 17:34:09, MOVE, v:1, k:eval1@bala, mode:BACK
2026-04-13 17:34:13, MOVE, v:1, k:eval1@mumia, mode:DOWN
2026-04-13 17:35:09, MOVE, v:1, k:eval1@bala, mode:PICK
2026-04-13 17:35:10, EXEC, v:1, k:eval1@bala, mode:FULL, rate:16
2026-04-13 17:35:10, MOVE, v:1, k:eval1@bala, mode:EDIT
2026-04-13 17:32:27, MOVE, v:1, k:eval1@bala, mode:EDIT
2026-04-13 17:34:13, MOVE, v:1, k:eval1@mumia, mode:EDIT
2026-04-13 17:34:13, MOVE, v:1, k:eval1@mumia, mode:EDIT
2026-04-13 17:34:13, MOVE, v:1, k:eval1@mumia, mode:EDIT
2026-04-13 17:40:30, EXEC, v:1, k:eval1@bala, mode:FULL, rate:16, size:17
2026-04-13 17:40:29, MOVE, v:1, k:eval1@bala, mode:EDIT
2026-04-13 17:40:30, MOVE, v:1, k:eval1@bala, mode:EDIT
2026-04-13 17:41:14, EXEC, v:1, k:eval1@bala, mode:FULL, rate:16, size:17
2026-04-13 17:41:52, EXEC, v:1, k:eval1@bala, mode:FULL, rate:16, size:17
2026-04-13 17:43:15, EXEC, v:1, k:eval1@bala, mode:FULL, rate:16, size:19
2026-04-13 17:44:11, EXEC, v:1, k:eval1@bala, mode:FULL, rate:16, size:19
2026-04-13 17:45:03, EXEC, v:1, k:eval1@bala, mode:FULL, rate:16, size:19
2026-04-13 17:45:40, MOVE, v:1, k:eval1@bala, mode:EDIT
2026-04-13 17:45:02, MOVE, v:1, k:eval1@bala, mode:EDIT
2026-04-13 17:46:05, EXEC, v:1, k:eval1@bala, mode:FULL, rate:16, size:20
2026-04-13 17:47:41, EXEC, v:1, k:eval1@bala, mode:FULL, rate:16
2026-04-13 17:48:23, EXEC, v:1, k:eval1@bala, mode:FULL, rate:16
2026-04-13 17:48:25, EXEC, v:1, k:eval1@bala, mode:FULL, rate:16
2026-04-13 17:49:03, EXEC, v:1, k:eval1@bala, mode:FULL, size:20, fail:COMP
2026-04-13 17:49:07, EXEC, v:1, k:eval1@bala, mode:FULL, fail:COMP
2026-04-13 17:49:07, EXEC, v:1, k:eval1@bala, mode:FULL, fail:COMP
2026-04-13 17:49:07, EXEC, v:1, k:eval1@bala, mode:FULL, fail:COMP
2026-04-13 17:49:07, EXEC, v:1, k:eval1@bala, mode:FULL, fail:COMP
2026-04-13 17:49:07, EXEC, v:1, k:eval1@bala, mode:FULL, fail:COMP
2026-04-13 17:49:41, EXEC, v:1, k:eval1@bala, mode:FULL, fail:COMP
2026-04-13 17:49:41, EXEC, v:1, k:eval1@bala, mode:FULL, fail:COMP
2026-04-13 17:49:41, EXEC, v:1, k:eval1@bala, mode:FULL, fail:COMP
2026-04-13 17:49:41, EXEC, v:1, k:eval1@bala, mode:FULL, fail:COMP
2026-04-13 17:50:40, MOVE, v:1, k:eval1@bala, mode:EDIT
2026-04-13 17:48:25, MOVE, v:1, k:eval1@bala, mode:EDIT
2026-04-13 17:50:48, EXEC, v:1, k:eval1@bala, mode:FULL, size:20, fail:COMP
2026-04-13 17:50:49, EXEC, v:1, k:eval1@bala, mode:FULL, fail:COMP
2026-04-13 17:51:26, EXEC, v:1, k:eval1@bala, mode:FULL, rate:16, size:20
2026-04-13 17:51:27, EXEC, v:1, k:eval1@bala, mode:FULL, rate:16
2026-04-13 17:51:27, EXEC, v:1, k:eval1@bala, mode:FULL, rate:16
2026-04-13 17:51:27, EXEC, v:1, k:eval1@bala, mode:FULL, rate:16
2026-04-13 17:51:28, EXEC, v:1, k:eval1@bala, mode:FULL, rate:16
2026-04-13 17:51:28, EXEC, v:1, k:eval1@bala, mode:FULL, rate:16
2026-04-13 17:51:28, EXEC, v:1, k:eval1@bala, mode:FULL, rate:16
2026-04-13 17:52:46, EXEC, v:1, k:eval1@bala, mode:FULL, rate:16, size:19
2026-04-13 17:53:27, MOVE, v:1, k:eval1@bala, mode:BACK
2026-04-13 17:53:28, MOVE, v:1, k:eval1@bala, mode:PICK
2026-04-13 17:53:29, MOVE, v:1, k:eval1@bala, mode:BACK
2026-04-13 17:53:36, MOVE, v:1, k:eval1@mumia, mode:PICK
2026-04-13 17:53:49, MOVE, v:1, k:eval1@mumia, mode:BACK
2026-04-13 17:53:50, MOVE, v:1, k:eval1@mumia, mode:PICK
2026-04-13 17:53:52, EXEC, v:1, k:eval1@mumia, mode:FULL, rate:0, size:5
2026-04-13 17:52:45, MOVE, v:1, k:eval1@bala, mode:EDIT
2026-04-13 17:52:45, MOVE, v:1, k:eval1@bala, mode:EDIT
2026-04-13 17:53:51, MOVE, v:1, k:eval1@mumia, mode:EDIT
2026-04-13 17:55:40, MOVE, v:1, k:eval1@mumia, mode:EDIT
2026-04-13 18:00:38, MOVE, v:1, k:eval1@mumia, mode:EDIT
2026-04-13 18:02:18, EXEC, v:1, k:eval1@mumia, mode:FULL, size:12, fail:COMP
2026-04-13 18:02:35, EXEC, v:1, k:eval1@mumia, mode:FULL, rate:0, size:12
2026-04-13 18:02:43, EXEC, v:1, k:eval1@mumia, mode:FULL, rate:0, size:12
2026-04-13 18:03:10, EXEC, v:1, k:eval1@mumia, mode:FULL, rate:22, size:12
2026-04-13 18:04:02, EXEC, v:1, k:eval1@mumia, mode:FULL, rate:22, size:12
2026-04-13 18:04:23, EXEC, v:1, k:eval1@mumia, mode:FULL, rate:0, size:12
2026-04-13 18:05:23, EXEC, v:1, k:eval1@mumia, mode:FULL, size:12, fail:COMP
2026-04-13 18:05:28, EXEC, v:1, k:eval1@mumia, mode:FULL, size:12, fail:COMP
2026-04-13 18:05:28, MOVE, v:1, k:eval1@mumia, mode:EDIT
2026-04-13 18:04:23, MOVE, v:1, k:eval1@mumia, mode:EDIT
2026-04-13 18:06:13, EXEC, v:1, k:eval1@mumia, mode:FULL, size:12, fail:COMP
2026-04-13 18:09:24, EXEC, v:1, k:eval1@mumia, mode:FULL, size:16, fail:COMP
2026-04-13 18:09:48, EXEC, v:1, k:eval1@mumia, mode:FULL, size:16, fail:COMP
2026-04-13 18:10:36, MOVE, v:1, k:eval1@mumia, mode:EDIT
2026-04-13 18:11:13, EXEC, v:1, k:eval1@mumia, mode:FULL, size:18, fail:COMP
2026-04-13 18:11:46, EXEC, v:1, k:eval1@mumia, mode:FULL, size:18, fail:COMP
2026-04-13 18:12:24, EXEC, v:1, k:eval1@mumia, mode:FULL, rate:0, size:18
2026-04-13 18:12:54, EXEC, v:1, k:eval1@mumia, mode:FULL, rate:22, size:18
2026-04-13 18:13:22, EXEC, v:1, k:eval1@mumia, mode:FULL, rate:22, size:18
2026-04-13 18:13:37, EXEC, v:1, k:eval1@mumia, mode:FULL, rate:22, size:18
2026-04-13 18:14:22, EXEC, v:1, k:eval1@mumia, mode:FULL, rate:22, size:18
2026-04-13 18:14:39, EXEC, v:1, k:eval1@mumia, mode:FULL, size:18, fail:COMP
2026-04-13 18:14:45, EXEC, v:1, k:eval1@mumia, mode:FULL, rate:22, size:18
2026-04-13 18:15:34, EXEC, v:1, k:eval1@mumia, mode:FULL, rate:22, size:18
2026-04-13 18:15:32, MOVE, v:1, k:eval1@mumia, mode:EDIT
2026-04-13 18:15:34, MOVE, v:1, k:eval1@mumia, mode:EDIT
2026-04-13 18:16:11, EXEC, v:1, k:eval1@mumia, mode:FULL, rate:22, size:18
2026-04-13 18:18:42, EXEC, v:1, k:eval1@mumia, mode:FULL, size:20, fail:COMP
2026-04-13 18:18:48, EXEC, v:1, k:eval1@mumia, mode:FREE, size:19
2026-04-13 18:19:18, EXEC, v:1, k:eval1@mumia, mode:FULL, rate:22, size:18
2026-04-13 18:19:31, EXEC, v:1, k:eval1@mumia, mode:FULL, rate:22, size:18
2026-04-13 18:20:36, EXEC, v:1, k:eval1@mumia, mode:FULL, size:18, fail:COMP
2026-04-13 18:20:36, MOVE, v:1, k:eval1@mumia, mode:EDIT
2026-04-13 18:19:31, MOVE, v:1, k:eval1@mumia, mode:EDIT
2026-04-13 18:21:14, EXEC, v:1, k:eval1@mumia, mode:FULL, size:17, fail:COMP
2026-04-13 18:21:25, EXEC, v:1, k:eval1@mumia, mode:FULL, rate:22, size:17
2026-04-13 18:22:26, EXEC, v:1, k:eval1@mumia, mode:FULL, size:19, fail:COMP
2026-04-13 18:23:27, EXEC, v:1, k:eval1@mumia, mode:FULL, rate:22, size:17
2026-04-13 18:25:40, MOVE, v:1, k:eval1@mumia, mode:EDIT
2026-04-13 18:23:27, MOVE, v:1, k:eval1@mumia, mode:EDIT
2026-04-13 18:27:33, EXEC, v:1, k:eval1@mumia, mode:FULL, rate:22, size:26
2026-04-13 18:28:07, EXEC, v:1, k:eval1@mumia, mode:FULL, rate:22, size:18
2026-04-13 18:28:20, EXEC, v:1, k:eval1@mumia, mode:FULL, rate:22, size:18
2026-04-13 18:29:45, MOVE, v:1, k:eval1@mumia, mode:BACK
