2026-05-19 00:37:04, MOVE, v:1, k:fup@cartas, mode:DOWN
2026-05-19 00:37:11, MOVE, v:1, k:fup@revolta, mode:PICK
2026-05-19 00:37:04, MOVE, v:1, k:fup@cartas, mode:EDIT
2026-05-19 00:37:04, MOVE, v:1, k:fup@cartas, mode:EDIT
2026-05-19 00:37:04, MOVE, v:1, k:fup@cartas, mode:EDIT
2026-05-19 00:38:52, MOVE, v:1, k:fup@revolta, mode:EDIT
2026-05-19 00:59:59, EXEC, v:1, k:fup@revolta, mode:FULL, rate:100, size:24
2026-05-19 01:00:01, MOVE, v:1, k:fup@revolta, mode:BACK
2026-05-19 01:00:07, MOVE, v:1, k:fup@cartas, mode:PICK
2026-05-19 00:59:59, MOVE, v:1, k:fup@revolta, mode:EDIT
2026-05-19 01:01:51, MOVE, v:1, k:fup@cartas, mode:EDIT
2026-05-19 01:16:05, EXEC, v:1, k:fup@cartas, mode:FULL, rate:100, size:33
2026-05-19 01:16:08, MOVE, v:1, k:fup@cartas, mode:BACK
2026-05-19 01:16:44, MOVE, v:1, k:fup@invertendo, mode:DOWN
2026-05-19 01:16:45, MOVE, v:1, k:fup@invertendo, mode:PICK
2026-05-19 01:16:05, MOVE, v:1, k:fup@cartas, mode:EDIT
2026-05-19 01:16:44, MOVE, v:1, k:fup@invertendo, mode:EDIT
2026-05-19 01:16:44, MOVE, v:1, k:fup@invertendo, mode:EDIT
2026-05-19 01:16:44, MOVE, v:1, k:fup@invertendo, mode:EDIT
2026-05-19 01:18:00, MOVE, v:1, k:fup@invertendo, mode:BACK
2026-05-19 01:18:05, MOVE, v:1, k:fup@fila, mode:DOWN
2026-05-19 01:18:06, MOVE, v:1, k:fup@fila, mode:PICK
2026-05-19 01:19:40, MOVE, v:1, k:fup@fila, mode:BACK
2026-05-19 01:19:51, MOVE, v:1, k:fup@troco, mode:DOWN
2026-05-19 01:19:52, MOVE, v:1, k:fup@troco, mode:PICK
2026-05-19 01:21:49, EXEC, v:1, k:fup@troco, mode:FULL, rate:100, size:38
2026-05-19 01:21:56, MOVE, v:1, k:fup@troco, mode:BACK
2026-05-19 01:17:56, MOVE, v:1, k:fup@invertendo, mode:EDIT
2026-05-19 01:18:05, MOVE, v:1, k:fup@fila, mode:EDIT
2026-05-19 01:18:05, MOVE, v:1, k:fup@fila, mode:EDIT
2026-05-19 01:19:35, MOVE, v:1, k:fup@fila, mode:EDIT
2026-05-19 01:19:51, MOVE, v:1, k:fup@troco, mode:EDIT
2026-05-19 01:19:51, MOVE, v:1, k:fup@troco, mode:EDIT
2026-05-19 01:21:43, MOVE, v:1, k:fup@troco, mode:EDIT
2026-05-19 01:21:49, MOVE, v:1, k:fup@troco, mode:EDIT
2026-05-19 01:22:11, MOVE, v:1, k:fup@fila, mode:PICK
2026-05-19 01:22:12, EXEC, v:1, k:fup@fila, mode:FULL, rate:0, size:28
2026-05-19 01:23:03, EXEC, v:1, k:fup@fila, mode:FULL, rate:0, size:29
2026-05-19 01:23:24, MOVE, v:1, k:fup@fila, mode:PICK
2026-05-19 01:23:27, EXEC, v:1, k:fup@fila, mode:FULL, rate:0
2026-05-19 01:23:33, EXEC, v:1, k:fup@fila, mode:FULL, rate:0, size:28
2026-05-19 01:23:54, MOVE, v:1, k:fup@fila, mode:BACK
2026-05-19 01:24:08, MOVE, v:1, k:fup@invertendo, mode:PICK
2026-05-19 01:24:13, EXEC, v:1, k:fup@invertendo, mode:FULL, size:28, fail:COMP
2026-05-19 01:24:41, EXEC, v:1, k:fup@invertendo, mode:FULL, rate:0, size:18
2026-05-19 01:24:58, EXEC, v:1, k:fup@invertendo, mode:FULL, rate:100, size:18
2026-05-19 01:25:01, MOVE, v:1, k:fup@invertendo, mode:BACK
2026-05-19 01:25:12, MOVE, v:1, k:fup@casais, mode:DOWN
2026-05-19 01:25:13, MOVE, v:1, k:fup@casais, mode:PICK
2026-05-19 01:27:13, EXEC, v:1, k:fup@casais, mode:FULL, rate:100, size:30
2026-05-19 01:27:15, MOVE, v:1, k:fup@casais, mode:BACK
2026-05-19 01:27:19, MOVE, v:1, k:fup@exemplares, mode:DOWN
2026-05-19 01:27:20, MOVE, v:1, k:fup@exemplares, mode:PICK
2026-05-19 01:23:33, MOVE, v:1, k:fup@fila, mode:EDIT
2026-05-19 01:23:33, MOVE, v:1, k:fup@fila, mode:EDIT
2026-05-19 01:24:57, MOVE, v:1, k:fup@invertendo, mode:EDIT
2026-05-19 01:24:58, MOVE, v:1, k:fup@invertendo, mode:EDIT
2026-05-19 01:25:12, MOVE, v:1, k:fup@casais, mode:EDIT
2026-05-19 01:25:12, MOVE, v:1, k:fup@casais, mode:EDIT
2026-05-19 01:27:11, MOVE, v:1, k:fup@casais, mode:EDIT
2026-05-19 01:27:13, MOVE, v:1, k:fup@casais, mode:EDIT
2026-05-19 01:27:19, MOVE, v:1, k:fup@exemplares, mode:EDIT
2026-05-19 01:27:19, MOVE, v:1, k:fup@exemplares, mode:EDIT
2026-05-19 01:29:16, EXEC, v:1, k:fup@exemplares, mode:FULL, rate:0, size:37
2026-05-19 01:29:32, EXEC, v:1, k:fup@exemplares, mode:FULL, rate:100, size:37
2026-05-19 01:29:34, MOVE, v:1, k:fup@exemplares, mode:BACK
2026-05-19 01:29:38, MOVE, v:1, k:fup@parkour, mode:DOWN
2026-05-19 01:29:40, MOVE, v:1, k:fup@parkour, mode:PICK
2026-05-19 01:31:43, EXEC, v:1, k:fup@parkour, mode:FULL, size:23, fail:COMP
2026-05-19 01:31:57, EXEC, v:1, k:fup@parkour, mode:FULL, rate:100, size:21
2026-05-19 01:31:59, MOVE, v:1, k:fup@parkour, mode:BACK
2026-05-19 01:32:06, MOVE, v:1, k:fup@medico, mode:DOWN
2026-05-19 01:32:07, MOVE, v:1, k:fup@medico, mode:PICK
2026-05-19 01:29:31, MOVE, v:1, k:fup@exemplares, mode:EDIT
2026-05-19 01:29:31, MOVE, v:1, k:fup@exemplares, mode:EDIT
2026-05-19 01:29:38, MOVE, v:1, k:fup@parkour, mode:EDIT
2026-05-19 01:29:38, MOVE, v:1, k:fup@parkour, mode:EDIT
2026-05-19 01:31:57, MOVE, v:1, k:fup@parkour, mode:EDIT
2026-05-19 01:31:57, MOVE, v:1, k:fup@parkour, mode:EDIT
2026-05-19 01:32:06, MOVE, v:1, k:fup@medico, mode:EDIT
2026-05-19 01:32:06, MOVE, v:1, k:fup@medico, mode:EDIT
2026-05-19 01:33:19, MOVE, v:1, k:fup@medico, mode:EDIT
2026-05-19 01:33:49, EXEC, v:1, k:fup@medico, mode:FULL, size:23, fail:COMP
2026-05-19 01:34:02, EXEC, v:1, k:fup@medico, mode:FULL, rate:20, size:21
2026-05-19 01:34:30, EXEC, v:1, k:fup@medico, mode:FULL, size:21, fail:COMP
2026-05-19 01:35:09, EXEC, v:1, k:fup@medico, mode:FULL, rate:20, size:21
2026-05-19 01:37:34, EXEC, v:1, k:fup@medico, mode:FULL, rate:20, size:21
2026-05-19 01:37:47, EXEC, v:1, k:fup@medico, mode:FULL, rate:40, size:21
2026-05-19 01:38:10, EXEC, v:1, k:fup@medico, mode:FULL, rate:0, size:21
2026-05-19 01:38:19, EXEC, v:1, k:fup@medico, mode:FULL, rate:40, size:21
2026-05-19 01:38:18, MOVE, v:1, k:fup@medico, mode:EDIT
2026-05-19 01:38:19, MOVE, v:1, k:fup@medico, mode:EDIT
2026-05-19 01:38:21, MOVE, v:1, k:fup@medico, mode:BACK
2026-05-19 01:38:33, MOVE, v:1, k:fup@botas, mode:DOWN
2026-05-19 01:38:34, MOVE, v:1, k:fup@botas, mode:PICK
2026-05-19 01:40:38, EXEC, v:1, k:fup@botas, mode:FULL, rate:100, size:27
2026-05-19 01:40:40, MOVE, v:1, k:fup@botas, mode:BACK
2026-05-19 01:41:47, MOVE, v:1, k:fup@intervalada, mode:DOWN
2026-05-19 01:41:49, MOVE, v:1, k:fup@intervalada, mode:PICK
2026-05-19 01:38:33, MOVE, v:1, k:fup@botas, mode:EDIT
2026-05-19 01:38:33, MOVE, v:1, k:fup@botas, mode:EDIT
2026-05-19 01:40:21, MOVE, v:1, k:fup@botas, mode:EDIT
2026-05-19 01:40:38, MOVE, v:1, k:fup@botas, mode:EDIT
2026-05-19 01:41:47, MOVE, v:1, k:fup@intervalada, mode:EDIT
2026-05-19 01:41:47, MOVE, v:1, k:fup@intervalada, mode:EDIT
2026-05-19 01:41:47, MOVE, v:1, k:fup@intervalada, mode:EDIT
2026-05-19 01:43:58, EXEC, v:1, k:fup@intervalada, mode:FULL, rate:100, size:15
2026-05-19 01:43:59, MOVE, v:1, k:fup@intervalada, mode:BACK
2026-05-19 01:44:03, MOVE, v:1, k:fup@piao, mode:DOWN
2026-05-19 01:44:04, MOVE, v:1, k:fup@piao, mode:PICK
2026-05-19 01:46:47, EXEC, v:1, k:fup@piao, mode:FULL, rate:100, size:34
2026-05-19 01:46:48, MOVE, v:1, k:fup@piao, mode:BACK
2026-05-19 01:48:29, MOVE, v:1, k:fup@jedi, mode:DOWN
2026-05-19 01:48:30, MOVE, v:1, k:fup@jedi, mode:PICK
2026-05-19 01:48:58, MOVE, v:1, k:fup@jedi, mode:BACK
2026-05-19 01:50:10, SELF, v:1, k:fup@zigzag, self:1, rate:100, concept:1
2026-05-19 01:50:17, SELF, v:1, k:fup@colorido, self:1, rate:100, concept:1
2026-05-19 01:50:22, SELF, v:1, k:fup@concentra, self:1, rate:100, concept:1
2026-05-19 01:50:27, SELF, v:1, k:fup@fuga, self:1, rate:100
2026-05-19 01:50:32, SELF, v:1, k:fup@lotado, self:1, rate:100, concept:1
2026-05-19 01:50:40, SELF, v:1, k:fup@spok, self:1, rate:100
2026-05-19 01:50:47, SELF, v:1, k:fup@sapinho, self:1, rate:100, concept:1
2026-05-19 01:50:50, SELF, v:1, k:fup@fatores, self:1, rate:100
2026-05-19 01:50:58, SELF, v:1, k:fup@vet_i, self:1, rate:100
2026-05-19 01:51:02, SELF, v:1, k:fup@vet_ii, self:1, rate:100
2026-05-19 01:51:05, SELF, v:1, k:fup@apertada, self:1, rate:100
2026-05-19 01:51:09, SELF, v:1, k:fup@vet_iii, self:1, rate:100
2026-05-19 01:51:13, SELF, v:1, k:fup@dieta, self:1, rate:100
2026-05-19 01:51:17, SELF, v:1, k:fup@patas, self:1, rate:100
2026-05-19 01:51:20, SELF, v:1, k:fup@dindin, self:1, rate:100
2026-05-19 01:51:24, SELF, v:1, k:fup@repetidos, self:1, rate:100
2026-05-19 01:51:27, SELF, v:1, k:fup@batraquios, self:1, rate:100
2026-05-19 01:51:30, SELF, v:1, k:fup@baruel, self:1, rate:100
2026-05-19 01:51:36, SELF, v:1, k:fup@tazos, self:1, rate:100, concept:1
2026-05-19 01:51:41, SELF, v:1, k:fup@revolta, self:1, rate:100, concept:1
2026-05-19 01:51:47, SELF, v:1, k:fup@cartas, self:1, rate:100, concept:1
2026-05-19 01:51:51, SELF, v:1, k:fup@invertendo, self:1, rate:100, concept:1
2026-05-19 01:51:55, SELF, v:1, k:fup@fila, self:1, concept:1
2026-05-19 01:52:02, SELF, v:1, k:fup@troco, self:1, rate:100, concept:1
2026-05-19 01:52:06, SELF, v:1, k:fup@casais, self:1, rate:100, concept:1
2026-05-19 01:52:11, SELF, v:1, k:fup@exemplares, self:1, rate:100, concept:1
2026-05-19 01:52:14, SELF, v:1, k:fup@parkour, self:1, rate:100, concept:1
2026-05-19 01:52:19, SELF, v:1, k:fup@botas, self:1, rate:100, concept:1
2026-05-19 01:52:25, SELF, v:1, k:fup@intervalada, self:1, rate:100, concept:1
2026-05-19 01:52:31, SELF, v:1, k:fup@piao, self:1, rate:100, concept:1
2026-05-19 01:48:29, MOVE, v:1, k:fup@jedi, mode:EDIT
2026-05-19 01:48:29, MOVE, v:1, k:fup@jedi, mode:EDIT
2026-05-19 01:48:29, MOVE, v:1, k:fup@jedi, mode:EDIT
2026-05-19 01:52:55, MOVE, v:1, k:fup@xuxa, mode:DOWN
2026-05-19 01:52:56, MOVE, v:1, k:fup@xuxa, mode:PICK
2026-05-19 01:55:08, EXEC, v:1, k:fup@xuxa, mode:FULL, rate:100, size:16
2026-05-19 01:55:15, MOVE, v:1, k:fup@xuxa, mode:BACK
2026-05-19 01:55:22, SELF, v:1, k:fup@xuxa, self:1, rate:100, concept:1
2026-05-19 01:55:40, MOVE, v:1, k:fup@inverte, mode:DOWN
2026-05-19 01:55:41, MOVE, v:1, k:fup@inverte, mode:PICK
2026-05-19 01:57:00, EXEC, v:1, k:fup@inverte, mode:FULL, rate:100, size:14
2026-05-19 01:57:02, MOVE, v:1, k:fup@inverte, mode:BACK
2026-05-19 01:57:07, SELF, v:1, k:fup@inverte, self:1, rate:100, concept:1
