2026-04-27 01:07:51, MOVE, v:1, k:fup@impar, mode:PICK
2026-04-27 01:08:49, EXEC, v:1, k:fup@impar, mode:FULL, rate:0
2026-04-27 01:08:49, MOVE, v:1, k:fup@impar, mode:EDIT
2026-04-27 01:10:47, MOVE, v:1, k:fup@impar, mode:EDIT
2026-04-27 01:16:59, EXEC, v:1, k:fup@impar, mode:FULL, size:17, fail:COMP
2026-04-27 01:17:35, EXEC, v:1, k:fup@impar, mode:FULL, rate:0, size:18
2026-04-27 01:17:31, MOVE, v:1, k:fup@impar, mode:EDIT
2026-04-27 01:17:35, MOVE, v:1, k:fup@impar, mode:EDIT
2026-04-27 01:21:13, EXEC, v:1, k:fup@impar, mode:FULL, rate:71, size:18
2026-04-27 01:21:47, EXEC, v:1, k:fup@impar, mode:FULL, rate:28, size:18
2026-04-27 01:21:58, EXEC, v:1, k:fup@impar, mode:FULL, rate:71, size:18
2026-04-27 01:21:57, MOVE, v:1, k:fup@impar, mode:EDIT
2026-04-27 01:21:58, MOVE, v:1, k:fup@impar, mode:EDIT
2026-04-27 01:23:00, EXEC, v:1, k:fup@impar, mode:FULL, rate:71, size:18
2026-04-27 01:27:41, MOVE, v:1, k:fup@impar, mode:EDIT
2026-04-27 01:23:00, MOVE, v:1, k:fup@impar, mode:EDIT
2026-04-27 01:28:09, EXEC, v:1, k:fup@impar, mode:FULL, size:19, fail:COMP
2026-04-27 01:30:31, EXEC, v:1, k:fup@impar, mode:FULL, rate:0, size:18
2026-04-27 01:31:29, EXEC, v:1, k:fup@impar, mode:FULL, rate:0
2026-04-27 01:32:39, MOVE, v:1, k:fup@impar, mode:EDIT
2026-04-27 01:31:29, MOVE, v:1, k:fup@impar, mode:EDIT
2026-04-27 01:32:53, EXEC, v:1, k:fup@impar, mode:FULL, size:13, fail:COMP
2026-04-27 01:33:06, EXEC, v:1, k:fup@impar, mode:FULL, rate:100, size:12
