2026-05-24 00:13:34, EXEC, v:1, k:fup@fresco, mode:FULL, rate:25, size:59
2026-05-24 00:13:34, MOVE, v:1, k:fup@fresco, mode:EDIT
2026-05-24 00:16:24, MOVE, v:1, k:fup@fresco, mode:EDIT
2026-05-24 00:16:55, EXEC, v:1, k:fup@fresco, mode:FULL, rate:75, size:52
2026-05-24 00:19:12, EXEC, v:1, k:fup@fresco, mode:FULL, rate:75, size:67
2026-05-24 00:21:01, EXEC, v:1, k:fup@fresco, mode:FULL, rate:75, size:70
2026-05-24 00:21:01, MOVE, v:1, k:fup@fresco, mode:EDIT
2026-05-24 00:21:01, MOVE, v:1, k:fup@fresco, mode:EDIT
2026-05-24 00:23:57, EXEC, v:1, k:fup@fresco, mode:FULL, rate:100, size:53
2026-05-24 00:23:59, MOVE, v:1, k:fup@fresco, mode:BACK
2026-05-24 00:24:08, MOVE, v:1, k:fup@gamados, mode:DOWN
2026-05-24 00:24:09, MOVE, v:1, k:fup@gamados, mode:PICK
2026-05-24 00:23:56, MOVE, v:1, k:fup@fresco, mode:EDIT
2026-05-24 00:23:57, MOVE, v:1, k:fup@fresco, mode:EDIT
2026-05-24 00:24:08, MOVE, v:1, k:fup@gamados, mode:EDIT
2026-05-24 00:24:08, MOVE, v:1, k:fup@gamados, mode:EDIT
2026-05-24 00:25:56, MOVE, v:1, k:fup@gamados, mode:EDIT
2026-05-24 00:44:57, EXEC, v:1, k:fup@gamados, mode:FULL, rate:100, size:30
2026-05-24 00:44:58, MOVE, v:1, k:fup@gamados, mode:BACK
2026-05-24 00:45:02, MOVE, v:1, k:fup@mario, mode:DOWN
2026-05-24 00:45:03, MOVE, v:1, k:fup@mario, mode:PICK
2026-05-24 00:44:57, MOVE, v:1, k:fup@gamados, mode:EDIT
2026-05-24 00:45:02, MOVE, v:1, k:fup@mario, mode:EDIT
2026-05-24 00:45:02, MOVE, v:1, k:fup@mario, mode:EDIT
2026-05-24 00:46:25, MOVE, v:1, k:fup@mario, mode:EDIT
2026-05-24 00:46:31, MOVE, v:1, k:fup@mario, mode:EDIT
2026-05-24 01:05:00, EXEC, v:1, k:fup@mario, mode:FULL, rate:100, size:28
2026-05-24 01:05:02, MOVE, v:1, k:fup@mario, mode:BACK
2026-05-24 01:05:07, MOVE, v:1, k:fup@valentina, mode:DOWN
2026-05-24 01:05:09, MOVE, v:1, k:fup@valentina, mode:PICK
2026-05-24 01:05:00, MOVE, v:1, k:fup@mario, mode:EDIT
2026-05-24 01:05:08, MOVE, v:1, k:fup@valentina, mode:EDIT
2026-05-24 01:05:08, MOVE, v:1, k:fup@valentina, mode:EDIT
2026-05-24 01:07:18, MOVE, v:1, k:fup@valentina, mode:EDIT
2026-05-24 01:18:44, EXEC, v:1, k:fup@valentina, mode:FULL, rate:100, size:29
2026-05-24 01:18:47, MOVE, v:1, k:fup@valentina, mode:BACK
2026-05-24 01:19:00, MOVE, v:1, k:fup@vcvcvc, mode:DOWN
2026-05-24 01:19:01, MOVE, v:1, k:fup@vcvcvc, mode:PICK
2026-05-24 01:18:43, MOVE, v:1, k:fup@valentina, mode:EDIT
2026-05-24 01:19:00, MOVE, v:1, k:fup@vcvcvc, mode:EDIT
2026-05-24 01:19:00, MOVE, v:1, k:fup@vcvcvc, mode:EDIT
2026-05-24 01:20:44, MOVE, v:1, k:fup@vcvcvc, mode:EDIT
2026-05-24 01:47:36, EXEC, v:1, k:fup@vcvcvc, mode:FULL, rate:100, size:30
2026-05-24 01:47:38, MOVE, v:1, k:fup@vcvcvc, mode:BACK
2026-05-24 01:47:43, MOVE, v:1, k:fup@eribelton, mode:DOWN
2026-05-24 01:47:44, MOVE, v:1, k:fup@eribelton, mode:PICK
2026-05-24 01:47:36, MOVE, v:1, k:fup@vcvcvc, mode:EDIT
2026-05-24 01:47:43, MOVE, v:1, k:fup@eribelton, mode:EDIT
2026-05-24 01:47:43, MOVE, v:1, k:fup@eribelton, mode:EDIT
2026-05-24 01:49:56, MOVE, v:1, k:fup@eribelton, mode:EDIT
2026-05-24 02:12:54, EXEC, v:1, k:fup@eribelton, mode:FULL, rate:0, size:40
2026-05-24 02:15:02, EXEC, v:1, k:fup@eribelton, mode:FULL, rate:60, size:36
2026-05-24 02:15:02, MOVE, v:1, k:fup@eribelton, mode:EDIT
2026-05-24 02:16:27, MOVE, v:1, k:fup@eribelton, mode:EDIT
2026-05-24 02:16:57, EXEC, v:1, k:fup@eribelton, mode:FULL, rate:60, size:42
2026-05-24 02:19:24, EXEC, v:1, k:fup@eribelton, mode:FULL, rate:60, size:46
2026-05-24 02:19:23, MOVE, v:1, k:fup@eribelton, mode:EDIT
2026-05-24 02:19:24, MOVE, v:1, k:fup@eribelton, mode:EDIT
2026-05-24 02:22:51, EXEC, v:1, k:fup@eribelton, mode:FULL, rate:60, size:41
2026-05-24 02:25:23, EXEC, v:1, k:fup@eribelton, mode:FULL, rate:60, size:44
2026-05-24 02:25:29, EXEC, v:1, k:fup@eribelton, mode:FULL, rate:60
2026-05-24 02:25:30, EXEC, v:1, k:fup@eribelton, mode:FULL, rate:60
2026-05-24 02:25:20, MOVE, v:1, k:fup@eribelton, mode:EDIT
2026-05-24 02:25:30, MOVE, v:1, k:fup@eribelton, mode:EDIT
2026-05-24 02:27:16, EXEC, v:1, k:fup@eribelton, mode:FULL, rate:60, size:47
2026-05-24 02:27:17, EXEC, v:1, k:fup@eribelton, mode:FULL, rate:60
2026-05-24 02:27:18, EXEC, v:1, k:fup@eribelton, mode:FULL, rate:60
2026-05-24 02:27:19, EXEC, v:1, k:fup@eribelton, mode:FULL, rate:60
2026-05-24 02:27:36, EXEC, v:1, k:fup@eribelton, mode:FULL, rate:60
2026-05-24 02:27:37, EXEC, v:1, k:fup@eribelton, mode:FULL, rate:60
2026-05-24 02:27:35, MOVE, v:1, k:fup@eribelton, mode:EDIT
2026-05-24 02:27:37, MOVE, v:1, k:fup@eribelton, mode:EDIT
