2026-05-03 22:45:12, MOVE, v:1, k:fup@round, mode:PICK
2026-05-03 22:48:59, EXEC, v:1, k:fup@round, mode:FULL, size:19, fail:COMP
2026-05-03 22:49:57, MOVE, v:1, k:fup@round, mode:EDIT
2026-05-03 22:50:41, EXEC, v:1, k:fup@round, mode:FULL, rate:0, size:29
2026-05-03 22:51:23, EXEC, v:1, k:fup@round, mode:FULL, rate:0, size:29
2026-05-03 22:54:34, EXEC, v:1, k:fup@round, mode:FULL, size:22, fail:COMP
2026-05-03 22:54:57, EXEC, v:1, k:fup@round, mode:FULL, size:21, fail:COMP
2026-05-03 22:54:47, MOVE, v:1, k:fup@round, mode:EDIT
2026-05-03 22:51:23, MOVE, v:1, k:fup@round, mode:EDIT
2026-05-03 22:55:09, EXEC, v:1, k:fup@round, mode:FULL, size:21, fail:COMP
2026-05-03 22:56:13, EXEC, v:1, k:fup@round, mode:FULL, size:22, fail:COMP
2026-05-03 22:56:06, MOVE, v:1, k:fup@round, mode:EDIT
2026-05-03 23:02:48, EXEC, v:1, k:fup@round, mode:FULL, size:22, fail:COMP
2026-05-03 23:04:57, MOVE, v:1, k:fup@round, mode:EDIT
2026-05-03 23:06:07, EXEC, v:1, k:fup@round, mode:FULL, size:22, fail:COMP
2026-05-03 23:06:34, EXEC, v:1, k:fup@round, mode:FULL, rate:0, size:22
2026-05-03 23:08:54, EXEC, v:1, k:fup@round, mode:FULL, rate:100, size:22
2026-05-03 23:09:00, MOVE, v:1, k:fup@round, mode:BACK
2026-05-03 23:09:55, SELF, v:1, k:fup@impar, self:1, rate:100, study:33, concept:1
2026-05-03 23:08:29, MOVE, v:1, k:fup@round, mode:EDIT
2026-05-03 23:08:54, MOVE, v:1, k:fup@round, mode:EDIT
2026-05-03 23:10:19, SELF, v:1, k:fup@round, self:1, rate:100, study:40, concept:1
2026-05-03 23:10:36, MOVE, v:1, k:fup@mumia, mode:DOWN
2026-05-03 23:10:40, MOVE, v:1, k:fup@mumia, mode:PICK
2026-05-03 23:14:00, EXEC, v:1, k:fup@mumia, mode:FULL, rate:100, size:24
2026-05-03 23:14:14, MOVE, v:1, k:fup@mumia, mode:BACK
2026-05-03 23:14:24, MOVE, v:1, k:fup@meio, mode:DOWN
2026-05-03 23:14:31, MOVE, v:1, k:fup@meio, mode:PICK
2026-05-03 23:14:31, EXEC, v:1, k:fup@meio, mode:FULL, rate:0, size:5
2026-05-03 23:10:36, MOVE, v:1, k:fup@mumia, mode:EDIT
2026-05-03 23:10:36, MOVE, v:1, k:fup@mumia, mode:EDIT
2026-05-03 23:13:57, MOVE, v:1, k:fup@mumia, mode:EDIT
2026-05-03 23:13:59, MOVE, v:1, k:fup@mumia, mode:EDIT
2026-05-03 23:14:24, MOVE, v:1, k:fup@meio, mode:EDIT
2026-05-03 23:14:24, MOVE, v:1, k:fup@meio, mode:EDIT
2026-05-03 23:14:31, MOVE, v:1, k:fup@meio, mode:EDIT
2026-05-03 23:17:20, EXEC, v:1, k:fup@meio, mode:FULL, rate:100, size:17
2026-05-03 23:17:26, MOVE, v:1, k:fup@meio, mode:BACK
2026-05-03 23:17:31, MOVE, v:1, k:fup@jokenpo, mode:DOWN
2026-05-03 23:17:33, MOVE, v:1, k:fup@jokenpo, mode:PICK
2026-05-03 23:17:19, MOVE, v:1, k:fup@meio, mode:EDIT
2026-05-03 23:17:20, MOVE, v:1, k:fup@meio, mode:EDIT
2026-05-03 23:17:31, MOVE, v:1, k:fup@jokenpo, mode:EDIT
2026-05-03 23:17:31, MOVE, v:1, k:fup@jokenpo, mode:EDIT
2026-05-03 23:17:31, MOVE, v:1, k:fup@jokenpo, mode:EDIT
2026-05-03 23:22:24, EXEC, v:1, k:fup@jokenpo, mode:FULL, size:18, fail:COMP
2026-05-03 23:22:31, EXEC, v:1, k:fup@jokenpo, mode:FULL, size:17, fail:COMP
2026-05-03 23:23:58, EXEC, v:1, k:fup@jokenpo, mode:FULL, size:17, fail:COMP
2026-05-03 23:24:11, EXEC, v:1, k:fup@jokenpo, mode:FULL, rate:0, size:17
2026-05-03 23:24:27, EXEC, v:1, k:fup@jokenpo, mode:FULL, rate:37, size:18
2026-05-03 23:24:44, MOVE, v:1, k:fup@jokenpo, mode:EDIT
2026-05-03 23:24:27, MOVE, v:1, k:fup@jokenpo, mode:EDIT
2026-05-03 23:27:02, EXEC, v:1, k:fup@jokenpo, mode:FULL, rate:100, size:18
2026-05-03 23:27:14, MOVE, v:1, k:fup@jokenpo, mode:BACK
2026-05-03 23:27:34, MOVE, v:1, k:fup@final, mode:PICK
2026-05-03 23:27:50, EXEC, v:1, k:fup@final, mode:FULL, rate:100
2026-05-03 23:27:54, MOVE, v:1, k:fup@final, mode:BACK
2026-05-03 23:27:57, MOVE, v:1, k:fup@semana, mode:PICK
2026-05-03 23:28:09, EXEC, v:1, k:fup@semana, mode:FULL, rate:100
2026-05-03 23:28:15, MOVE, v:1, k:fup@semana, mode:BACK
2026-05-03 23:28:22, MOVE, v:1, k:fup@bhaskara, mode:PICK
2026-05-03 23:28:51, EXEC, v:1, k:fup@bhaskara, mode:FULL, rate:85, size:22
2026-05-03 23:28:51, EXEC, v:1, k:fup@bhaskara, mode:FULL, rate:85, size:22
2026-05-03 23:26:59, MOVE, v:1, k:fup@jokenpo, mode:EDIT
2026-05-03 23:27:02, MOVE, v:1, k:fup@jokenpo, mode:EDIT
2026-05-03 23:27:50, MOVE, v:1, k:fup@final, mode:EDIT
2026-05-03 23:28:09, MOVE, v:1, k:fup@semana, mode:EDIT
2026-05-03 23:28:51, MOVE, v:1, k:fup@bhaskara, mode:EDIT
2026-05-03 23:33:45, EXEC, v:1, k:fup@bhaskara, mode:FULL, rate:100, size:27
2026-05-03 23:33:54, MOVE, v:1, k:fup@bhaskara, mode:BACK
2026-05-03 23:34:10, MOVE, v:1, k:fup@cortada, mode:DOWN
2026-05-03 23:34:12, MOVE, v:1, k:fup@cortada, mode:PICK
2026-05-03 23:33:41, MOVE, v:1, k:fup@bhaskara, mode:EDIT
2026-05-03 23:33:45, MOVE, v:1, k:fup@bhaskara, mode:EDIT
2026-05-03 23:34:10, MOVE, v:1, k:fup@cortada, mode:EDIT
2026-05-03 23:34:10, MOVE, v:1, k:fup@cortada, mode:EDIT
2026-05-03 23:37:12, EXEC, v:1, k:fup@cortada, mode:FULL, rate:100, size:18
2026-05-03 23:37:16, MOVE, v:1, k:fup@cortada, mode:BACK
2026-05-03 23:37:27, MOVE, v:1, k:fup@monica, mode:DOWN
2026-05-03 23:37:29, MOVE, v:1, k:fup@monica, mode:PICK
2026-05-03 23:37:00, MOVE, v:1, k:fup@cortada, mode:EDIT
2026-05-03 23:37:12, MOVE, v:1, k:fup@cortada, mode:EDIT
2026-05-03 23:37:27, MOVE, v:1, k:fup@monica, mode:EDIT
2026-05-03 23:37:27, MOVE, v:1, k:fup@monica, mode:EDIT
2026-05-03 23:37:27, MOVE, v:1, k:fup@monica, mode:EDIT
2026-05-03 23:43:47, EXEC, v:1, k:fup@monica, mode:FULL, size:17, fail:COMP
2026-05-03 23:43:55, EXEC, v:1, k:fup@monica, mode:FULL, rate:100, size:17
2026-05-03 23:44:03, MOVE, v:1, k:fup@monica, mode:BACK
2026-05-03 23:44:11, MOVE, v:1, k:fup@drone, mode:DOWN
2026-05-03 23:44:13, MOVE, v:1, k:fup@drone, mode:PICK
2026-05-03 23:43:47, MOVE, v:1, k:fup@monica, mode:EDIT
2026-05-03 23:43:54, MOVE, v:1, k:fup@monica, mode:EDIT
2026-05-03 23:44:11, MOVE, v:1, k:fup@drone, mode:EDIT
2026-05-03 23:44:11, MOVE, v:1, k:fup@drone, mode:EDIT
2026-05-03 23:44:11, MOVE, v:1, k:fup@drone, mode:EDIT
2026-05-03 23:46:51, EXEC, v:1, k:fup@drone, mode:FULL, rate:100, size:19
2026-05-03 23:46:59, MOVE, v:1, k:fup@drone, mode:BACK
2026-05-03 23:47:06, MOVE, v:1, k:fup@teleferico, mode:DOWN
2026-05-03 23:47:07, MOVE, v:1, k:fup@teleferico, mode:PICK
2026-05-03 23:46:50, MOVE, v:1, k:fup@drone, mode:EDIT
2026-05-03 23:46:51, MOVE, v:1, k:fup@drone, mode:EDIT
2026-05-03 23:47:06, MOVE, v:1, k:fup@teleferico, mode:EDIT
2026-05-03 23:47:06, MOVE, v:1, k:fup@teleferico, mode:EDIT
2026-05-03 23:49:47, MOVE, v:1, k:fup@teleferico, mode:EDIT
2026-05-03 23:50:23, EXEC, v:1, k:fup@teleferico, mode:FULL, size:11, fail:COMP
2026-05-03 23:50:48, EXEC, v:1, k:fup@teleferico, mode:FULL, rate:100, size:12
2026-05-03 23:51:04, MOVE, v:1, k:fup@teleferico, mode:BACK
2026-05-03 23:51:11, MOVE, v:1, k:fup@goiabas, mode:DOWN
2026-05-03 23:51:12, MOVE, v:1, k:fup@goiabas, mode:PICK
2026-05-03 23:53:53, EXEC, v:1, k:fup@goiabas, mode:FULL, size:10, fail:COMP
2026-05-03 23:54:01, EXEC, v:1, k:fup@goiabas, mode:FULL, rate:100, size:10
2026-05-03 23:54:16, MOVE, v:1, k:fup@goiabas, mode:BACK
2026-05-03 23:54:19, MOVE, v:1, k:fup@cobra, mode:DOWN
2026-05-03 23:54:22, MOVE, v:1, k:fup@cobra, mode:PICK
2026-05-03 23:50:46, MOVE, v:1, k:fup@teleferico, mode:EDIT
2026-05-03 23:50:48, MOVE, v:1, k:fup@teleferico, mode:EDIT
2026-05-03 23:51:11, MOVE, v:1, k:fup@goiabas, mode:EDIT
2026-05-03 23:51:11, MOVE, v:1, k:fup@goiabas, mode:EDIT
2026-05-03 23:53:53, MOVE, v:1, k:fup@goiabas, mode:EDIT
2026-05-03 23:54:01, MOVE, v:1, k:fup@goiabas, mode:EDIT
2026-05-03 23:54:19, MOVE, v:1, k:fup@cobra, mode:EDIT
2026-05-03 23:54:19, MOVE, v:1, k:fup@cobra, mode:EDIT
2026-05-03 23:54:19, MOVE, v:1, k:fup@cobra, mode:EDIT
2026-05-03 23:57:09, EXEC, v:1, k:fup@cobra, mode:FULL, rate:100, size:24
2026-05-03 23:57:23, MOVE, v:1, k:fup@cobra, mode:BACK
2026-05-03 23:57:27, MOVE, v:1, k:fup@game10, mode:DOWN
2026-05-03 23:57:28, MOVE, v:1, k:fup@game10, mode:PICK
2026-05-03 23:59:41, EXEC, v:1, k:fup@game10, mode:FULL, size:13, fail:COMP
2026-05-03 23:59:49, EXEC, v:1, k:fup@game10, mode:FULL, rate:100, size:13
2026-05-03 23:59:55, MOVE, v:1, k:fup@game10, mode:BACK
2026-05-03 23:57:06, MOVE, v:1, k:fup@cobra, mode:EDIT
2026-05-03 23:57:08, MOVE, v:1, k:fup@cobra, mode:EDIT
2026-05-03 23:57:27, MOVE, v:1, k:fup@game10, mode:EDIT
2026-05-03 23:57:27, MOVE, v:1, k:fup@game10, mode:EDIT
2026-05-03 23:59:41, MOVE, v:1, k:fup@game10, mode:EDIT
2026-05-03 23:59:49, MOVE, v:1, k:fup@game10, mode:EDIT
