2026-04-19 22:41:04, MOVE, v:1, k:fup@calc, mode:PICK
2026-04-19 22:42:56, EXEC, v:1, k:fup@calc, mode:FULL, rate:100
2026-04-19 22:43:09, MOVE, v:1, k:fup@calc, mode:BACK
2026-04-19 22:43:40, SELF, v:1, k:fup@calc, self:1, rate:100, study:20, concept:1
2026-04-19 22:43:46, MOVE, v:1, k:fup@guarda, mode:PICK
2026-04-19 22:44:15, EXEC, v:1, k:fup@guarda, mode:FULL, rate:100
2026-04-19 22:44:20, MOVE, v:1, k:fup@guarda, mode:BACK
2026-04-19 22:42:55, MOVE, v:1, k:fup@calc, mode:EDIT
2026-04-19 22:44:15, MOVE, v:1, k:fup@guarda, mode:EDIT
2026-04-19 22:44:51, SELF, v:1, k:fup@guarda, self:1, rate:100, study:25
2026-04-19 22:45:46, SELF, v:1, k:fup@quantos, self:1, rate:100, study:35
2026-04-19 22:45:53, MOVE, v:1, k:fup@impar, mode:DOWN
2026-04-19 22:45:59, MOVE, v:1, k:fup@impar, mode:PICK
2026-04-19 22:45:53, MOVE, v:1, k:fup@impar, mode:EDIT
2026-04-19 22:45:53, MOVE, v:1, k:fup@impar, mode:EDIT
2026-04-19 22:49:33, MOVE, v:1, k:fup@impar, mode:EDIT
2026-04-19 22:51:52, MOVE, v:1, k:fup@impar, mode:EDIT
2026-04-19 22:59:24, MOVE, v:1, k:fup@impar, mode:EDIT
2026-04-19 23:04:34, MOVE, v:1, k:fup@impar, mode:EDIT
2026-04-19 23:06:37, EXEC, v:1, k:fup@impar, mode:FULL, size:17, fail:COMP
2026-04-19 23:07:39, EXEC, v:1, k:fup@impar, mode:FULL, rate:0, size:18
2026-04-19 23:09:28, MOVE, v:1, k:fup@impar, mode:EDIT
2026-04-19 23:07:39, MOVE, v:1, k:fup@impar, mode:EDIT
2026-04-19 23:13:10, EXEC, v:1, k:fup@impar, mode:FULL, size:13, fail:COMP
2026-04-19 23:14:27, MOVE, v:1, k:fup@impar, mode:EDIT
2026-04-19 23:15:05, EXEC, v:1, k:fup@impar, mode:FULL, rate:0, size:14
2026-04-19 23:16:02, MOVE, v:1, k:fup@impar, mode:BACK
