2026-05-05 17:06:46, SELF, v:1, k:fup@mumia, self:1, rate:100, study:25, concept:1
2026-05-05 17:07:08, SELF, v:1, k:fup@meio, self:1, rate:100, study:30, concept:1
2026-05-05 17:07:33, SELF, v:1, k:fup@jokenpo, self:1, rate:100, study:28, concept:1
2026-05-05 17:07:44, SELF, v:1, k:fup@final, self:1, rate:100, study:34, concept:1
2026-05-05 17:07:57, SELF, v:1, k:fup@semana, self:1, rate:100, study:42, concept:1
2026-05-05 17:08:11, SELF, v:1, k:fup@varetas, self:1, rate:100, study:34, concept:1
2026-05-05 17:08:26, SELF, v:1, k:fup@bhaskara, self:1, rate:100, study:35, concept:1
2026-05-05 17:08:41, SELF, v:1, k:fup@cortada, self:1, rate:100, study:42, concept:1
2026-05-05 17:08:53, SELF, v:1, k:fup@monica, self:1, rate:100, study:31, concept:1
2026-05-05 17:09:04, SELF, v:1, k:fup@drone, self:1, rate:100, study:48, concept:1
2026-05-05 17:09:31, SELF, v:1, k:fup@teleferico, self:1, rate:100, study:45, concept:1
2026-05-05 17:10:13, SELF, v:1, k:fup@goiabas, self:1, rate:100, friend:37, concept:1
2026-05-05 17:10:28, SELF, v:1, k:fup@cobra, self:1, rate:100, study:47, concept:1
2026-05-05 17:10:44, SELF, v:1, k:fup@game10, self:1, rate:100, study:50, concept:1
2026-05-05 17:11:00, SELF, v:1, k:fup@salario, self:1, rate:100, study:38, concept:1
2026-05-05 17:11:29, SELF, v:1, k:fup@loop_i, self:1, rate:100, study:25, concept:1
2026-05-05 17:12:13, SELF, v:1, k:fup@loop_ii, self:1, rate:100, study:30, concept:1
2026-05-05 17:12:26, SELF, v:1, k:fup@loop_iii, self:1, rate:100, study:41, concept:1
2026-05-05 17:27:52, MOVE, v:1, k:fup@loop_iv, mode:DOWN
2026-05-05 17:28:48, MOVE, v:1, k:fup@mumia, mode:PICK
2026-05-05 17:29:01, MOVE, v:1, k:fup@mumia, mode:BACK
2026-05-05 17:29:04, MOVE, v:1, k:fup@meio, mode:PICK
2026-05-05 17:29:13, MOVE, v:1, k:fup@meio, mode:BACK
2026-05-05 17:29:18, MOVE, v:1, k:fup@jokenpo, mode:PICK
2026-05-05 17:29:25, MOVE, v:1, k:fup@jokenpo, mode:BACK
2026-05-05 17:29:31, MOVE, v:1, k:fup@cortada, mode:PICK
2026-05-05 17:29:36, MOVE, v:1, k:fup@cortada, mode:BACK
2026-05-05 17:29:41, MOVE, v:1, k:fup@monica, mode:PICK
2026-05-05 17:29:47, MOVE, v:1, k:fup@monica, mode:BACK
2026-05-05 17:29:51, MOVE, v:1, k:fup@drone, mode:PICK
2026-05-05 17:29:57, MOVE, v:1, k:fup@drone, mode:BACK
2026-05-05 17:30:00, MOVE, v:1, k:fup@teleferico, mode:PICK
2026-05-05 17:30:07, MOVE, v:1, k:fup@teleferico, mode:BACK
2026-05-05 17:30:11, MOVE, v:1, k:fup@goiabas, mode:PICK
2026-05-05 17:30:15, MOVE, v:1, k:fup@goiabas, mode:BACK
2026-05-05 17:30:18, MOVE, v:1, k:fup@cobra, mode:PICK
2026-05-05 17:30:22, MOVE, v:1, k:fup@cobra, mode:BACK
2026-05-05 17:30:24, MOVE, v:1, k:fup@game10, mode:PICK
2026-05-05 17:30:29, MOVE, v:1, k:fup@game10, mode:BACK
2026-05-05 17:30:31, MOVE, v:1, k:fup@salario, mode:PICK
2026-05-05 17:30:37, MOVE, v:1, k:fup@salario, mode:BACK
2026-05-05 17:27:52, MOVE, v:1, k:fup@loop_iv, mode:EDIT
2026-05-05 17:27:52, MOVE, v:1, k:fup@loop_iv, mode:EDIT
2026-05-05 17:46:13, MOVE, v:1, k:fup@monica, mode:PICK
2026-05-05 17:46:39, MOVE, v:1, k:fup@monica, mode:BACK
2026-05-05 17:51:25, MOVE, v:1, k:fup@monica, mode:EDIT
2026-05-05 18:16:07, MOVE, v:1, k:fup@meio, mode:PICK
2026-05-05 18:16:12, EXEC, v:1, k:fup@meio, mode:FULL, rate:100
2026-05-05 18:16:05, MOVE, v:1, k:fup@meio, mode:EDIT
2026-05-05 18:16:12, MOVE, v:1, k:fup@meio, mode:EDIT
2026-05-05 18:16:16, MOVE, v:1, k:fup@meio, mode:BACK
2026-05-05 18:16:39, MOVE, v:1, k:fup@jokenpo, mode:PICK
2026-05-05 18:16:41, EXEC, v:1, k:fup@jokenpo, mode:FULL, rate:100
2026-05-05 18:16:55, MOVE, v:1, k:fup@jokenpo, mode:BACK
2026-05-05 18:17:20, MOVE, v:1, k:fup@mumia, mode:PICK
2026-05-05 18:17:46, EXEC, v:1, k:fup@mumia, mode:FULL, rate:100
2026-05-05 18:17:49, MOVE, v:1, k:fup@mumia, mode:BACK
2026-05-05 18:18:03, MOVE, v:1, k:fup@cortada, mode:PICK
2026-05-05 18:18:07, EXEC, v:1, k:fup@cortada, mode:FULL, rate:100
2026-05-05 18:18:14, MOVE, v:1, k:fup@cortada, mode:BACK
2026-05-05 18:18:17, MOVE, v:1, k:fup@monica, mode:PICK
2026-05-05 18:18:39, EXEC, v:1, k:fup@monica, mode:FULL, rate:100
2026-05-05 18:18:43, MOVE, v:1, k:fup@monica, mode:BACK
2026-05-05 18:19:36, MOVE, v:1, k:fup@drone, mode:PICK
2026-05-05 18:19:37, EXEC, v:1, k:fup@drone, mode:FULL, rate:100
2026-05-05 18:19:45, MOVE, v:1, k:fup@drone, mode:BACK
2026-05-05 18:19:55, MOVE, v:1, k:fup@teleferico, mode:PICK
2026-05-05 18:20:10, EXEC, v:1, k:fup@teleferico, mode:FULL, rate:100
2026-05-05 18:20:23, MOVE, v:1, k:fup@teleferico, mode:BACK
2026-05-05 18:20:53, MOVE, v:1, k:fup@goiabas, mode:PICK
2026-05-05 18:20:55, EXEC, v:1, k:fup@goiabas, mode:FULL, rate:100
2026-05-05 18:20:59, MOVE, v:1, k:fup@goiabas, mode:BACK
2026-05-05 18:21:04, MOVE, v:1, k:fup@cobra, mode:PICK
2026-05-05 18:16:35, MOVE, v:1, k:fup@jokenpo, mode:EDIT
2026-05-05 18:16:41, MOVE, v:1, k:fup@jokenpo, mode:EDIT
2026-05-05 18:17:41, MOVE, v:1, k:fup@mumia, mode:EDIT
2026-05-05 18:17:45, MOVE, v:1, k:fup@mumia, mode:EDIT
2026-05-05 18:18:07, MOVE, v:1, k:fup@cortada, mode:EDIT
2026-05-05 18:18:35, MOVE, v:1, k:fup@monica, mode:EDIT
2026-05-05 18:18:39, MOVE, v:1, k:fup@monica, mode:EDIT
2026-05-05 18:19:33, MOVE, v:1, k:fup@drone, mode:EDIT
2026-05-05 18:19:37, MOVE, v:1, k:fup@drone, mode:EDIT
2026-05-05 18:20:10, MOVE, v:1, k:fup@teleferico, mode:EDIT
2026-05-05 18:20:36, MOVE, v:1, k:fup@goiabas, mode:EDIT
2026-05-05 18:20:55, MOVE, v:1, k:fup@goiabas, mode:EDIT
2026-05-05 18:21:33, EXEC, v:1, k:fup@cobra, mode:FULL, rate:100
2026-05-05 18:21:38, MOVE, v:1, k:fup@cobra, mode:BACK
2026-05-05 18:21:41, MOVE, v:1, k:fup@game10, mode:PICK
2026-05-05 18:25:08, EXEC, v:1, k:fup@game10, mode:FULL, rate:100
2026-05-05 18:25:12, MOVE, v:1, k:fup@game10, mode:BACK
2026-05-05 18:25:18, MOVE, v:1, k:fup@salario, mode:PICK
2026-05-05 18:25:24, EXEC, v:1, k:fup@salario, mode:FULL, rate:100
2026-05-05 18:25:29, MOVE, v:1, k:fup@salario, mode:BACK
2026-05-05 18:21:33, MOVE, v:1, k:fup@cobra, mode:EDIT
2026-05-05 18:25:08, MOVE, v:1, k:fup@game10, mode:EDIT
2026-05-05 18:25:24, MOVE, v:1, k:fup@salario, mode:EDIT
