2026-05-04 00:00:04, MOVE, v:1, k:fup@salario, mode:DOWN
2026-05-04 00:00:06, MOVE, v:1, k:fup@salario, mode:PICK
2026-05-04 00:02:25, EXEC, v:1, k:fup@salario, mode:FULL, rate:100, size:17
2026-05-04 00:02:28, MOVE, v:1, k:fup@salario, mode:BACK
2026-05-04 00:03:49, MOVE, v:1, k:fup@loop_i, mode:DOWN
2026-05-04 00:03:53, MOVE, v:1, k:fup@loop_i, mode:PICK
2026-05-04 00:00:03, MOVE, v:1, k:fup@salario, mode:EDIT
2026-05-04 00:00:03, MOVE, v:1, k:fup@salario, mode:EDIT
2026-05-04 00:02:23, MOVE, v:1, k:fup@salario, mode:EDIT
2026-05-04 00:02:24, MOVE, v:1, k:fup@salario, mode:EDIT
2026-05-04 00:03:49, MOVE, v:1, k:fup@loop_i, mode:EDIT
2026-05-04 00:03:49, MOVE, v:1, k:fup@loop_i, mode:EDIT
2026-05-04 00:04:56, MOVE, v:1, k:fup@loop_i, mode:EDIT
2026-05-04 00:05:25, EXEC, v:1, k:fup@loop_i, mode:FULL, rate:100, size:9
2026-05-04 00:05:30, MOVE, v:1, k:fup@loop_i, mode:BACK
2026-05-04 00:05:35, MOVE, v:1, k:fup@loop_ii, mode:DOWN
2026-05-04 00:05:36, MOVE, v:1, k:fup@loop_ii, mode:PICK
2026-05-04 00:07:21, EXEC, v:1, k:fup@loop_ii, mode:FULL, rate:100, size:11
2026-05-04 00:07:24, MOVE, v:1, k:fup@loop_ii, mode:BACK
2026-05-04 00:07:33, MOVE, v:1, k:fup@loop_iii, mode:DOWN
2026-05-04 00:07:38, MOVE, v:1, k:fup@loop_iii, mode:PICK
2026-05-04 00:09:21, EXEC, v:1, k:fup@loop_iii, mode:FULL, rate:100, size:11
2026-05-04 00:09:23, MOVE, v:1, k:fup@loop_iii, mode:BACK
2026-05-04 00:05:25, MOVE, v:1, k:fup@loop_i, mode:EDIT
2026-05-04 00:05:25, MOVE, v:1, k:fup@loop_i, mode:EDIT
2026-05-04 00:05:35, MOVE, v:1, k:fup@loop_ii, mode:EDIT
2026-05-04 00:05:35, MOVE, v:1, k:fup@loop_ii, mode:EDIT
2026-05-04 00:07:20, MOVE, v:1, k:fup@loop_ii, mode:EDIT
2026-05-04 00:07:21, MOVE, v:1, k:fup@loop_ii, mode:EDIT
2026-05-04 00:07:33, MOVE, v:1, k:fup@loop_iii, mode:EDIT
2026-05-04 00:07:33, MOVE, v:1, k:fup@loop_iii, mode:EDIT
2026-05-04 00:09:16, MOVE, v:1, k:fup@loop_iii, mode:EDIT
2026-05-04 00:09:21, MOVE, v:1, k:fup@loop_iii, mode:EDIT
